c:\users\administrator\downloads\freetype-2.4.4.tar\freetype-2.4.4\objs\release_mt\ftxf86.obj
c:\users\administrator\downloads\freetype-2.4.4.tar\freetype-2.4.4\objs\release_mt\ftwinfnt.obj
c:\users\administrator\downloads\freetype-2.4.4.tar\freetype-2.4.4\objs\release_mt\fttype1.obj
c:\users\administrator\downloads\freetype-2.4.4.tar\freetype-2.4.4\objs\release_mt\ftsystem.obj
c:\users\administrator\downloads\freetype-2.4.4.tar\freetype-2.4.4\objs\release_mt\ftsynth.obj
c:\users\administrator\downloads\freetype-2.4.4.tar\freetype-2.4.4\objs\release_mt\ftstroke.obj
c:\users\administrator\downloads\freetype-2.4.4.tar\freetype-2.4.4\objs\release_mt\ftpfr.obj
c:\users\administrator\downloads\freetype-2.4.4.tar\freetype-2.4.4\objs\release_mt\ftpatent.obj
c:\users\administrator\downloads\freetype-2.4.4.tar\freetype-2.4.4\objs\release_mt\ftotval.obj
c:\users\administrator\downloads\freetype-2.4.4.tar\freetype-2.4.4\objs\release_mt\ftmm.obj
c:\users\administrator\downloads\freetype-2.4.4.tar\freetype-2.4.4\objs\release_mt\ftlcdfil.obj
c:\users\administrator\downloads\freetype-2.4.4.tar\freetype-2.4.4\objs\release_mt\ftinit.obj
c:\users\administrator\downloads\freetype-2.4.4.tar\freetype-2.4.4\objs\release_mt\ftgxval.obj
c:\users\administrator\downloads\freetype-2.4.4.tar\freetype-2.4.4\objs\release_mt\ftglyph.obj
c:\users\administrator\downloads\freetype-2.4.4.tar\freetype-2.4.4\objs\release_mt\ftgasp.obj
c:\users\administrator\downloads\freetype-2.4.4.tar\freetype-2.4.4\objs\release_mt\ftfstype.obj
c:\users\administrator\downloads\freetype-2.4.4.tar\freetype-2.4.4\objs\release_mt\ftbitmap.obj
c:\users\administrator\downloads\freetype-2.4.4.tar\freetype-2.4.4\objs\release_mt\ftbbox.obj
c:\users\administrator\downloads\freetype-2.4.4.tar\freetype-2.4.4\objs\release_mt\ftbase.obj
c:\users\administrator\downloads\freetype-2.4.4.tar\freetype-2.4.4\objs\release_mt\autofit.obj
c:\users\administrator\downloads\freetype-2.4.4.tar\freetype-2.4.4\objs\release_mt\winfnt.obj
c:\users\administrator\downloads\freetype-2.4.4.tar\freetype-2.4.4\objs\release_mt\type42.obj
c:\users\administrator\downloads\freetype-2.4.4.tar\freetype-2.4.4\objs\release_mt\type1.obj
c:\users\administrator\downloads\freetype-2.4.4.tar\freetype-2.4.4\objs\release_mt\truetype.obj
c:\users\administrator\downloads\freetype-2.4.4.tar\freetype-2.4.4\objs\release_mt\smooth.obj
c:\users\administrator\downloads\freetype-2.4.4.tar\freetype-2.4.4\objs\release_mt\sfnt.obj
c:\users\administrator\downloads\freetype-2.4.4.tar\freetype-2.4.4\objs\release_mt\raster.obj
c:\users\administrator\downloads\freetype-2.4.4.tar\freetype-2.4.4\objs\release_mt\psmodule.obj
c:\users\administrator\downloads\freetype-2.4.4.tar\freetype-2.4.4\objs\release_mt\pshinter.obj
c:\users\administrator\downloads\freetype-2.4.4.tar\freetype-2.4.4\objs\release_mt\psaux.obj
c:\users\administrator\downloads\freetype-2.4.4.tar\freetype-2.4.4\objs\release_mt\pfr.obj
c:\users\administrator\downloads\freetype-2.4.4.tar\freetype-2.4.4\objs\release_mt\pcf.obj
c:\users\administrator\downloads\freetype-2.4.4.tar\freetype-2.4.4\objs\release_mt\ftlzw.obj
c:\users\administrator\downloads\freetype-2.4.4.tar\freetype-2.4.4\objs\release_mt\ftgzip.obj
c:\users\administrator\downloads\freetype-2.4.4.tar\freetype-2.4.4\objs\release_mt\type1cid.obj
c:\users\administrator\downloads\freetype-2.4.4.tar\freetype-2.4.4\objs\release_mt\cff.obj
c:\users\administrator\downloads\freetype-2.4.4.tar\freetype-2.4.4\objs\release_mt\ftcache.obj
c:\users\administrator\downloads\freetype-2.4.4.tar\freetype-2.4.4\objs\release_mt\bdf.obj
c:\users\administrator\downloads\freetype-2.4.4.tar\freetype-2.4.4\objs\release_mt\ftdebug.obj
c:\users\administrator\downloads\freetype-2.4.4.tar\freetype-2.4.4\objs\freetype244mt.lib
c:\users\administrator\downloads\freetype-2.4.4.tar\freetype-2.4.4\builds\win32\visualc\x64\release multithreaded\freetype.tlog\cl.command.1.tlog
c:\users\administrator\downloads\freetype-2.4.4.tar\freetype-2.4.4\builds\win32\visualc\x64\release multithreaded\freetype.tlog\cl.read.1.tlog
c:\users\administrator\downloads\freetype-2.4.4.tar\freetype-2.4.4\builds\win32\visualc\x64\release multithreaded\freetype.tlog\cl.write.1.tlog
c:\users\administrator\downloads\freetype-2.4.4.tar\freetype-2.4.4\builds\win32\visualc\x64\release multithreaded\freetype.tlog\lib-link.read.1.tlog
c:\users\administrator\downloads\freetype-2.4.4.tar\freetype-2.4.4\builds\win32\visualc\x64\release multithreaded\freetype.tlog\lib-link.write.1.tlog
c:\users\administrator\downloads\freetype-2.4.4.tar\freetype-2.4.4\builds\win32\visualc\x64\release multithreaded\freetype.tlog\lib.command.1.tlog
