+++ latest --arch=win64 glib pkg-config atk pango gtk+ libxml2 zlib intltool
++ DEPS='glib-2.24.0-2 pkg-config-0.23-2 atk-1.30.0-1 pango-1.28.0-1 gtk+-2.20.0-1 libxml2-2.7.4-1 zlib-1.2.3-2 intltool-0.40.6-1'
+++ latest --arch=win64 proxy-libintl
++ PROXY_LIBINTL=proxy-libintl-20090911
+++ latest --arch=win64 zlib
++ ZLIB=zlib-1.2.3-2
++ PKG_CONFIG_PATH=/dummy
++ for D in '$DEPS'
++ PATH='/devel/dist/win64/glib-2.24.0-2/bin:/opt/winsdk7/Bin/x64:/opt/winsdk7/Bin:/opt/MSVS9/Common7/Tools:/opt/MSVS9/Common7/IDE:/opt/MSVS9/VC/bin/x86_amd64:/opt/mingw64/bin:/opt/misc/bin:/opt/gnu/bin:/opt/mingw/bin:/opt/svn/bin:/opt/local/bin:/c/Windows/Microsoft.NET/Framework/v3.5:/c/Windows/Microsoft.NET/Framework/v2.0.50727:/c/Program Files (x86)/Java/jdk1.6.0_18/bin:/opt/xemacs/XEmacs-21.4.22/i586-pc-win32:/bin:/c/Windows/system32:/c/Windows:/c/Windows/System32/Wbem:/c/Windows/System32/WindowsPowerShell/v1.0/:/c/Program Files (x86)/QuickTime/QTSystem/'
++ '[' -d /devel/dist/win64/glib-2.24.0-2/lib/pkgconfig ']'
++ PKG_CONFIG_PATH=/devel/dist/win64/glib-2.24.0-2/lib/pkgconfig:/dummy
++ for D in '$DEPS'
++ PATH='/devel/dist/win64/pkg-config-0.23-2/bin:/devel/dist/win64/glib-2.24.0-2/bin:/opt/winsdk7/Bin/x64:/opt/winsdk7/Bin:/opt/MSVS9/Common7/Tools:/opt/MSVS9/Common7/IDE:/opt/MSVS9/VC/bin/x86_amd64:/opt/mingw64/bin:/opt/misc/bin:/opt/gnu/bin:/opt/mingw/bin:/opt/svn/bin:/opt/local/bin:/c/Windows/Microsoft.NET/Framework/v3.5:/c/Windows/Microsoft.NET/Framework/v2.0.50727:/c/Program Files (x86)/Java/jdk1.6.0_18/bin:/opt/xemacs/XEmacs-21.4.22/i586-pc-win32:/bin:/c/Windows/system32:/c/Windows:/c/Windows/System32/Wbem:/c/Windows/System32/WindowsPowerShell/v1.0/:/c/Program Files (x86)/QuickTime/QTSystem/'
++ '[' -d /devel/dist/win64/pkg-config-0.23-2/lib/pkgconfig ']'
++ for D in '$DEPS'
++ PATH='/devel/dist/win64/atk-1.30.0-1/bin:/devel/dist/win64/pkg-config-0.23-2/bin:/devel/dist/win64/glib-2.24.0-2/bin:/opt/winsdk7/Bin/x64:/opt/winsdk7/Bin:/opt/MSVS9/Common7/Tools:/opt/MSVS9/Common7/IDE:/opt/MSVS9/VC/bin/x86_amd64:/opt/mingw64/bin:/opt/misc/bin:/opt/gnu/bin:/opt/mingw/bin:/opt/svn/bin:/opt/local/bin:/c/Windows/Microsoft.NET/Framework/v3.5:/c/Windows/Microsoft.NET/Framework/v2.0.50727:/c/Program Files (x86)/Java/jdk1.6.0_18/bin:/opt/xemacs/XEmacs-21.4.22/i586-pc-win32:/bin:/c/Windows/system32:/c/Windows:/c/Windows/System32/Wbem:/c/Windows/System32/WindowsPowerShell/v1.0/:/c/Program Files (x86)/QuickTime/QTSystem/'
++ '[' -d /devel/dist/win64/atk-1.30.0-1/lib/pkgconfig ']'
++ PKG_CONFIG_PATH=/devel/dist/win64/atk-1.30.0-1/lib/pkgconfig:/devel/dist/win64/glib-2.24.0-2/lib/pkgconfig:/dummy
++ for D in '$DEPS'
++ PATH='/devel/dist/win64/pango-1.28.0-1/bin:/devel/dist/win64/atk-1.30.0-1/bin:/devel/dist/win64/pkg-config-0.23-2/bin:/devel/dist/win64/glib-2.24.0-2/bin:/opt/winsdk7/Bin/x64:/opt/winsdk7/Bin:/opt/MSVS9/Common7/Tools:/opt/MSVS9/Common7/IDE:/opt/MSVS9/VC/bin/x86_amd64:/opt/mingw64/bin:/opt/misc/bin:/opt/gnu/bin:/opt/mingw/bin:/opt/svn/bin:/opt/local/bin:/c/Windows/Microsoft.NET/Framework/v3.5:/c/Windows/Microsoft.NET/Framework/v2.0.50727:/c/Program Files (x86)/Java/jdk1.6.0_18/bin:/opt/xemacs/XEmacs-21.4.22/i586-pc-win32:/bin:/c/Windows/system32:/c/Windows:/c/Windows/System32/Wbem:/c/Windows/System32/WindowsPowerShell/v1.0/:/c/Program Files (x86)/QuickTime/QTSystem/'
++ '[' -d /devel/dist/win64/pango-1.28.0-1/lib/pkgconfig ']'
++ PKG_CONFIG_PATH=/devel/dist/win64/pango-1.28.0-1/lib/pkgconfig:/devel/dist/win64/atk-1.30.0-1/lib/pkgconfig:/devel/dist/win64/glib-2.24.0-2/lib/pkgconfig:/dummy
++ for D in '$DEPS'
++ PATH='/devel/dist/win64/gtk+-2.20.0-1/bin:/devel/dist/win64/pango-1.28.0-1/bin:/devel/dist/win64/atk-1.30.0-1/bin:/devel/dist/win64/pkg-config-0.23-2/bin:/devel/dist/win64/glib-2.24.0-2/bin:/opt/winsdk7/Bin/x64:/opt/winsdk7/Bin:/opt/MSVS9/Common7/Tools:/opt/MSVS9/Common7/IDE:/opt/MSVS9/VC/bin/x86_amd64:/opt/mingw64/bin:/opt/misc/bin:/opt/gnu/bin:/opt/mingw/bin:/opt/svn/bin:/opt/local/bin:/c/Windows/Microsoft.NET/Framework/v3.5:/c/Windows/Microsoft.NET/Framework/v2.0.50727:/c/Program Files (x86)/Java/jdk1.6.0_18/bin:/opt/xemacs/XEmacs-21.4.22/i586-pc-win32:/bin:/c/Windows/system32:/c/Windows:/c/Windows/System32/Wbem:/c/Windows/System32/WindowsPowerShell/v1.0/:/c/Program Files (x86)/QuickTime/QTSystem/'
++ '[' -d /devel/dist/win64/gtk+-2.20.0-1/lib/pkgconfig ']'
++ PKG_CONFIG_PATH=/devel/dist/win64/gtk+-2.20.0-1/lib/pkgconfig:/devel/dist/win64/pango-1.28.0-1/lib/pkgconfig:/devel/dist/win64/atk-1.30.0-1/lib/pkgconfig:/devel/dist/win64/glib-2.24.0-2/lib/pkgconfig:/dummy
++ for D in '$DEPS'
++ PATH='/devel/dist/win64/libxml2-2.7.4-1/bin:/devel/dist/win64/gtk+-2.20.0-1/bin:/devel/dist/win64/pango-1.28.0-1/bin:/devel/dist/win64/atk-1.30.0-1/bin:/devel/dist/win64/pkg-config-0.23-2/bin:/devel/dist/win64/glib-2.24.0-2/bin:/opt/winsdk7/Bin/x64:/opt/winsdk7/Bin:/opt/MSVS9/Common7/Tools:/opt/MSVS9/Common7/IDE:/opt/MSVS9/VC/bin/x86_amd64:/opt/mingw64/bin:/opt/misc/bin:/opt/gnu/bin:/opt/mingw/bin:/opt/svn/bin:/opt/local/bin:/c/Windows/Microsoft.NET/Framework/v3.5:/c/Windows/Microsoft.NET/Framework/v2.0.50727:/c/Program Files (x86)/Java/jdk1.6.0_18/bin:/opt/xemacs/XEmacs-21.4.22/i586-pc-win32:/bin:/c/Windows/system32:/c/Windows:/c/Windows/System32/Wbem:/c/Windows/System32/WindowsPowerShell/v1.0/:/c/Program Files (x86)/QuickTime/QTSystem/'
++ '[' -d /devel/dist/win64/libxml2-2.7.4-1/lib/pkgconfig ']'
++ PKG_CONFIG_PATH=/devel/dist/win64/libxml2-2.7.4-1/lib/pkgconfig:/devel/dist/win64/gtk+-2.20.0-1/lib/pkgconfig:/devel/dist/win64/pango-1.28.0-1/lib/pkgconfig:/devel/dist/win64/atk-1.30.0-1/lib/pkgconfig:/devel/dist/win64/glib-2.24.0-2/lib/pkgconfig:/dummy
++ for D in '$DEPS'
++ PATH='/devel/dist/win64/zlib-1.2.3-2/bin:/devel/dist/win64/libxml2-2.7.4-1/bin:/devel/dist/win64/gtk+-2.20.0-1/bin:/devel/dist/win64/pango-1.28.0-1/bin:/devel/dist/win64/atk-1.30.0-1/bin:/devel/dist/win64/pkg-config-0.23-2/bin:/devel/dist/win64/glib-2.24.0-2/bin:/opt/winsdk7/Bin/x64:/opt/winsdk7/Bin:/opt/MSVS9/Common7/Tools:/opt/MSVS9/Common7/IDE:/opt/MSVS9/VC/bin/x86_amd64:/opt/mingw64/bin:/opt/misc/bin:/opt/gnu/bin:/opt/mingw/bin:/opt/svn/bin:/opt/local/bin:/c/Windows/Microsoft.NET/Framework/v3.5:/c/Windows/Microsoft.NET/Framework/v2.0.50727:/c/Program Files (x86)/Java/jdk1.6.0_18/bin:/opt/xemacs/XEmacs-21.4.22/i586-pc-win32:/bin:/c/Windows/system32:/c/Windows:/c/Windows/System32/Wbem:/c/Windows/System32/WindowsPowerShell/v1.0/:/c/Program Files (x86)/QuickTime/QTSystem/'
++ '[' -d /devel/dist/win64/zlib-1.2.3-2/lib/pkgconfig ']'
++ for D in '$DEPS'
++ PATH='/devel/dist/win64/intltool-0.40.6-1/bin:/devel/dist/win64/zlib-1.2.3-2/bin:/devel/dist/win64/libxml2-2.7.4-1/bin:/devel/dist/win64/gtk+-2.20.0-1/bin:/devel/dist/win64/pango-1.28.0-1/bin:/devel/dist/win64/atk-1.30.0-1/bin:/devel/dist/win64/pkg-config-0.23-2/bin:/devel/dist/win64/glib-2.24.0-2/bin:/opt/winsdk7/Bin/x64:/opt/winsdk7/Bin:/opt/MSVS9/Common7/Tools:/opt/MSVS9/Common7/IDE:/opt/MSVS9/VC/bin/x86_amd64:/opt/mingw64/bin:/opt/misc/bin:/opt/gnu/bin:/opt/mingw/bin:/opt/svn/bin:/opt/local/bin:/c/Windows/Microsoft.NET/Framework/v3.5:/c/Windows/Microsoft.NET/Framework/v2.0.50727:/c/Program Files (x86)/Java/jdk1.6.0_18/bin:/opt/xemacs/XEmacs-21.4.22/i586-pc-win32:/bin:/c/Windows/system32:/c/Windows:/c/Windows/System32/Wbem:/c/Windows/System32/WindowsPowerShell/v1.0/:/c/Program Files (x86)/QuickTime/QTSystem/'
++ '[' -d /devel/dist/win64/intltool-0.40.6-1/lib/pkgconfig ']'
++ sed -e 's/need_relink=yes/need_relink=no # no way --tml/'
++ mv ltmain.temp ltmain.sh
++ lt_cv_deplibs_check_method=pass_all
++ CC=x86_64-w64-mingw32-gcc
++ CPPFLAGS='-I/devel/dist/win64/proxy-libintl-20090911/include -I/devel/dist/win64/zlib-1.2.3-2/include'
++ LDFLAGS='-L/devel/dist/win64/proxy-libintl-20090911/lib -Wl,--exclude-libs=libintl.a -L/devel/dist/win64/zlib-1.2.3-2/lib'
++ CFLAGS=-O
++ ./configure --host=x86_64-w64-mingw32 --disable-gtk-doc --without-python --disable-static --prefix=c:/devel/target/3c512d3c6d856d7fbebdeec5b8701185
configure: WARNING: If you wanted to set the --build type, don't use --host.
    If a cross compiler is detected then cross compile mode will be used.
checking for a BSD-compatible install... /opt/local/bin/install -c
checking whether build environment is sane... yes
checking for x86_64-w64-mingw32-strip... x86_64-w64-mingw32-strip
checking for a thread-safe mkdir -p... /bin/mkdir -p
checking for gawk... gawk
checking whether make sets $(MAKE)... yes
checking whether to enable maintainer-specific portions of Makefiles... no
checking for x86_64-w64-mingw32-gcc... x86_64-w64-mingw32-gcc
checking for C compiler default output file name... a.exe
checking whether the C compiler works... yes
checking whether we are cross compiling... no
checking for suffix of executables... .exe
checking for suffix of object files... o
checking whether we are using the GNU C compiler... yes
checking whether x86_64-w64-mingw32-gcc accepts -g... yes
checking for x86_64-w64-mingw32-gcc option to accept ISO C89... none needed
checking for style of include used by make... GNU
checking dependency style of x86_64-w64-mingw32-gcc... gcc3
checking whether make sets $(MAKE)... (cached) yes
checking build system type... i686-pc-mingw32
checking host system type... x86_64-w64-mingw32
checking for x86_64-w64-mingw32-as... x86_64-w64-mingw32-as
checking for x86_64-w64-mingw32-dlltool... x86_64-w64-mingw32-dlltool
checking for x86_64-w64-mingw32-objdump... x86_64-w64-mingw32-objdump
checking for a sed that does not truncate output... /bin/sed
checking for grep that handles long lines and -e... /bin/grep
checking for egrep... /bin/grep -E
checking for fgrep... /bin/grep -F
checking for ld used by x86_64-w64-mingw32-gcc... c:/opt/mingw64/x86_64-w64-mingw32/bin/ld.exe
checking if the linker (c:/opt/mingw64/x86_64-w64-mingw32/bin/ld.exe) is GNU ld... yes
checking for BSD- or MS-compatible name lister (nm)... /opt/mingw64/bin/x86_64-w64-mingw32-nm
checking the name lister (/opt/mingw64/bin/x86_64-w64-mingw32-nm) interface... BSD nm
checking whether ln -s works... yes
checking the maximum length of command line arguments... 8192
checking whether the shell understands some XSI constructs... yes
checking whether the shell understands "+="... yes
checking for c:/opt/mingw64/x86_64-w64-mingw32/bin/ld.exe option to reload object files... -r
checking for x86_64-w64-mingw32-objdump... (cached) x86_64-w64-mingw32-objdump
checking how to recognize dependent libraries... (cached) pass_all
checking for x86_64-w64-mingw32-ar... x86_64-w64-mingw32-ar
checking for x86_64-w64-mingw32-strip... (cached) x86_64-w64-mingw32-strip
checking for x86_64-w64-mingw32-ranlib... x86_64-w64-mingw32-ranlib
checking command to parse /opt/mingw64/bin/x86_64-w64-mingw32-nm output from x86_64-w64-mingw32-gcc object... ok
checking how to run the C preprocessor... x86_64-w64-mingw32-gcc -E
checking for ANSI C header files... yes
checking for sys/types.h... yes
checking for sys/stat.h... yes
checking for stdlib.h... yes
checking for string.h... yes
checking for memory.h... yes
checking for strings.h... yes
checking for inttypes.h... yes
checking for stdint.h... yes
checking for unistd.h... yes
checking for dlfcn.h... yes
checking for objdir... .libs
checking if x86_64-w64-mingw32-gcc supports -fno-rtti -fno-exceptions... no
checking for x86_64-w64-mingw32-gcc option to produce PIC... -DDLL_EXPORT -DPIC
checking if x86_64-w64-mingw32-gcc PIC flag -DDLL_EXPORT -DPIC works... yes
checking if x86_64-w64-mingw32-gcc static flag -static works... yes
checking if x86_64-w64-mingw32-gcc supports -c -o file.o... yes
checking if x86_64-w64-mingw32-gcc supports -c -o file.o... (cached) yes
checking whether the x86_64-w64-mingw32-gcc linker (c:/opt/mingw64/x86_64-w64-mingw32/bin/ld.exe) supports shared libraries... yes
checking whether -lc should be explicitly linked in... yes
checking dynamic linker characteristics... Win32 ld.exe
checking how to hardcode library paths into programs... immediate
checking whether stripping libraries is possible... yes
checking if libtool supports shared libraries... yes
checking whether to build shared libraries... yes
checking whether to build static libraries... no
checking for _LARGEFILE_SOURCE value needed for large files... unknown
checking for special C compiler options needed for large files... no
checking for _FILE_OFFSET_BITS value needed for large files... unknown
checking for _LARGE_FILES value needed for large files... unknown
checking for pkg-config... /devel/dist/win64/pkg-config-0.23-2/bin/pkg-config
checking whether NLS is requested... yes
checking for intltool >= 0.35.0... 0.40.6 found
checking for intltool-update... /devel/dist/win64/intltool-0.40.6-1/bin/intltool-update
checking for intltool-merge... /devel/dist/win64/intltool-0.40.6-1/bin/intltool-merge
checking for intltool-extract... /devel/dist/win64/intltool-0.40.6-1/bin/intltool-extract
checking for xgettext... /opt/gnu/bin/xgettext
checking for msgmerge... /opt/gnu/bin/msgmerge
checking for msgfmt... /opt/gnu/bin/msgfmt
checking for gmsgfmt... /opt/gnu/bin/msgfmt
checking for perl... /opt/perl/bin/perl
checking for perl >= 5.8.1... 5.10.1
checking for XML::Parser... ok
checking locale.h usability... yes
checking locale.h presence... yes
checking for locale.h... yes
checking for LC_MESSAGES... no
checking libintl.h usability... yes
checking libintl.h presence... yes
checking for libintl.h... yes
checking for ngettext in libc... no
checking for bindtextdomain in -lintl... yes
checking for ngettext in -lintl... yes
checking for dgettext in -lintl... yes
checking for bind_textdomain_codeset... yes
checking for msgfmt... (cached) /opt/gnu/bin/msgfmt
checking for dcgettext... yes
checking if msgfmt accepts -c... yes
checking for gmsgfmt... (cached) /opt/gnu/bin/msgfmt
checking for xgettext... (cached) /opt/gnu/bin/xgettext
checking for x86_64-w64-mingw32-pkg-config... (cached) /devel/dist/win64/pkg-config-0.23-2/bin/pkg-config
checking pkg-config is at least version 0.9.0... yes
checking for LIBGSF... yes
checking what warning flags to pass to the C compiler... -Wall -Wmissing-prototypes
checking what language compliance flags to pass to the C compiler... 
checking whether gcc understands -Wno-system-headers... yes
checking whether gcc understands -Wfloat-equal... yes
checking whether gcc understands -Wpointer-arith... yes
checking whether gcc understands -Wbad-function-cast... yes
checking whether gcc understands -Wwrite-strings... yes
checking whether gcc understands -Wsign-compare... yes
checking whether gcc understands -Waggregate-return... yes
checking whether gcc understands -Wstrict-prototypes... yes
checking whether gcc understands -Wmissing-prototypes... yes
checking whether gcc understands -Wmissing-declarations... yes
checking whether gcc understands -Wformat... yes
checking whether gcc understands -Wnested-externs... yes
checking whether gcc understands -Winline... yes
checking whether gcc understands -Wdeclaration-after-statement... yes
checking whether gcc understands -Wundef... yes
checking whether gcc understands -W... yes
checking whether gcc understands -Wmissing-noreturn... yes
checking whether gcc understands -Wmissing-format-attribute... yes
checking whether gcc understands -Wno-pointer-sign... yes
checking whether gcc understands -Wbitwise... no
checking whether gcc understands -Wcast-to-as... no
checking whether gcc understands -Wdefault-bitfield-sign... no
checking whether gcc understands -Wdo-while... no
checking whether gcc understands -Wparen-string... no
checking whether gcc understands -Wptr-subtraction-blows... no
checking whether gcc understands -Wreturn-void... no
checking whether gcc understands -Wtypesign... no
checking whether fdopen is declared... yes
checking whether struct timeval is available... yes
checking whether -D_BSD_SOURCE is needed for caddr_t... yes
checking whether -D_BSD_SOURCE is needed for lstat... yes
checking for mode_t... yes
checking fcntl.h usability... yes
checking fcntl.h presence... yes
checking for fcntl.h... yes
checking malloc.h usability... yes
checking malloc.h presence... yes
checking for malloc.h... yes
checking for unistd.h... (cached) yes
checking io.h usability... yes
checking io.h presence... yes
checking for io.h... yes
checking sys/statfs.h usability... no
checking sys/statfs.h presence... no
checking for sys/statfs.h... no
checking sys/param.h usability... yes
checking sys/param.h presence... yes
checking for sys/param.h... yes
checking sys/mount.h usability... no
checking sys/mount.h presence... no
checking for sys/mount.h... no
checking for stdlib.h... (cached) yes
checking for unistd.h... (cached) yes
checking for getpagesize... yes
checking for working mmap... no
checking form of statfs... none, or unknown
checking for chown... no
checking for setrlimit... no
checking for gmtime_r... no
checking for gmtime... yes
configure: WARNING: *** Please note that gmtime_r() is missing and I will use gmtime() which is not thread safe ***
checking for struct tm.tm_gmtoff... no
checking for g_base64_encode... yes
checking for g_chmod... yes
checking for g_access... yes
checking whether macro S_ISREG is available... yes
checking for Win32 platform... checking for x86_64-w64-mingw32-windres... x86_64-w64-mingw32-windres
checking for lib.exe... yes
yes
checking whether to build gtk-doc documentation... no
checking for gtkdoc-check... no
checking zlib.h usability... yes
checking zlib.h presence... yes
checking for zlib.h... yes
checking for gzread in -lz... yes
checking usable libbz2... configure: WARNING: *** BZ2 support disabled (BZ2 header or library not found) ***
checking for LIBGSF_GIO... yes
checking for LIBGSF_BONOBO... no
configure: WARNING: Bonobo support disabled, unable to find required version
checking for GDK_PIXBUF... yes
configure: WARNING: GNOME support disabled, as requested (Use --with-gnome-vfs and/or --with-bonobo to enable)
checking for gconftool-2... no
configure: WARNING: thumbnailer will not be built, unable to find gconftool-2
configure: creating ./config.status
config.status: creating Makefile
config.status: creating m4/Makefile
config.status: creating doc/Makefile
config.status: creating gsf/Makefile
config.status: creating gsf-gnome/Makefile
config.status: creating gsf-win32/Makefile
config.status: creating tests/Makefile
config.status: creating tools/Makefile
config.status: creating python/Makefile
config.status: creating thumbnailer/Makefile
config.status: creating po/Makefile.in
config.status: creating gsf/version.c
config.status: creating doc/version.xml
config.status: creating libgsf-1.pc
config.status: creating libgsf-1.spec
config.status: creating libgsf-gnome-1.pc
config.status: creating libgsf-gnome-1.spec
config.status: creating libgsf-win32-1.pc
config.status: creating libgsf-zip
config.status: creating gsf-config.h
config.status: executing depfiles commands
config.status: executing libtool commands
config.status: executing default-1 commands
config.status: executing po/stamp-it commands
Configured libgsf 1.14.17
++ make -j3 install
Making install in po
make[1]: Entering directory `/devel/src/gnome/libgsf/1.14.17-1_win64/po'
file=`echo de | sed 's,.*/,,'`.gmo \
	  && rm -f $file && /opt/gnu/bin/msgfmt -o $file de.po
file=`echo en_GB | sed 's,.*/,,'`.gmo \
	  && rm -f $file && /opt/gnu/bin/msgfmt -o $file en_GB.po
file=`echo es | sed 's,.*/,,'`.gmo \
	  && rm -f $file && /opt/gnu/bin/msgfmt -o $file es.po
file=`echo eu | sed 's,.*/,,'`.gmo \
	  && rm -f $file && /opt/gnu/bin/msgfmt -o $file eu.po
file=`echo fr | sed 's,.*/,,'`.gmo \
	  && rm -f $file && /opt/gnu/bin/msgfmt -o $file fr.po
file=`echo nb | sed 's,.*/,,'`.gmo \
	  && rm -f $file && /opt/gnu/bin/msgfmt -o $file nb.po
file=`echo oc | sed 's,.*/,,'`.gmo \
	  && rm -f $file && /opt/gnu/bin/msgfmt -o $file oc.po
file=`echo pa | sed 's,.*/,,'`.gmo \
	  && rm -f $file && /opt/gnu/bin/msgfmt -o $file pa.po
file=`echo pt | sed 's,.*/,,'`.gmo \
	  && rm -f $file && /opt/gnu/bin/msgfmt -o $file pt.po
file=`echo pt_BR | sed 's,.*/,,'`.gmo \
	  && rm -f $file && /opt/gnu/bin/msgfmt -o $file pt_BR.po
file=`echo sl | sed 's,.*/,,'`.gmo \
	  && rm -f $file && /opt/gnu/bin/msgfmt -o $file sl.po
file=`echo sv | sed 's,.*/,,'`.gmo \
	  && rm -f $file && /opt/gnu/bin/msgfmt -o $file sv.po
file=`echo zh_CN | sed 's,.*/,,'`.gmo \
	  && rm -f $file && /opt/gnu/bin/msgfmt -o $file zh_CN.po
file=`echo zh_HK | sed 's,.*/,,'`.gmo \
	  && rm -f $file && /opt/gnu/bin/msgfmt -o $file zh_HK.po
file=`echo zh_TW | sed 's,.*/,,'`.gmo \
	  && rm -f $file && /opt/gnu/bin/msgfmt -o $file zh_TW.po
linguas="de en_GB es eu fr nb oc pa pt pt_BR sl sv zh_CN zh_HK zh_TW "; \
	for lang in $linguas; do \
	  dir=c:/devel/target/3c512d3c6d856d7fbebdeec5b8701185/share/locale/$lang/LC_MESSAGES; \
	  /bin/sh /devel/src/gnome/libgsf/1.14.17-1_win64/install-sh -d $dir; \
	  if test -r $lang.gmo; then \
	    /opt/local/bin/install -c -m 644 $lang.gmo $dir/libgsf.mo; \
	    echo "installing $lang.gmo as $dir/libgsf.mo"; \
	  else \
	    /opt/local/bin/install -c -m 644 ./$lang.gmo $dir/libgsf.mo; \
	    echo "installing ./$lang.gmo as" \
		 "$dir/libgsf.mo"; \
	  fi; \
	  if test -r $lang.gmo.m; then \
	    /opt/local/bin/install -c -m 644 $lang.gmo.m $dir/libgsf.mo.m; \
	    echo "installing $lang.gmo.m as $dir/libgsf.mo.m"; \
	  else \
	    if test -r ./$lang.gmo.m ; then \
	      /opt/local/bin/install -c -m 644 ./$lang.gmo.m \
		$dir/libgsf.mo.m; \
	      echo "installing ./$lang.gmo.m as" \
		   "$dir/libgsf.mo.m"; \
	    else \
	      true; \
	    fi; \
	  fi; \
	done
installing de.gmo as c:/devel/target/3c512d3c6d856d7fbebdeec5b8701185/share/locale/de/LC_MESSAGES/libgsf.mo
installing en_GB.gmo as c:/devel/target/3c512d3c6d856d7fbebdeec5b8701185/share/locale/en_GB/LC_MESSAGES/libgsf.mo
installing es.gmo as c:/devel/target/3c512d3c6d856d7fbebdeec5b8701185/share/locale/es/LC_MESSAGES/libgsf.mo
installing eu.gmo as c:/devel/target/3c512d3c6d856d7fbebdeec5b8701185/share/locale/eu/LC_MESSAGES/libgsf.mo
installing fr.gmo as c:/devel/target/3c512d3c6d856d7fbebdeec5b8701185/share/locale/fr/LC_MESSAGES/libgsf.mo
installing nb.gmo as c:/devel/target/3c512d3c6d856d7fbebdeec5b8701185/share/locale/nb/LC_MESSAGES/libgsf.mo
installing oc.gmo as c:/devel/target/3c512d3c6d856d7fbebdeec5b8701185/share/locale/oc/LC_MESSAGES/libgsf.mo
installing pa.gmo as c:/devel/target/3c512d3c6d856d7fbebdeec5b8701185/share/locale/pa/LC_MESSAGES/libgsf.mo
installing pt.gmo as c:/devel/target/3c512d3c6d856d7fbebdeec5b8701185/share/locale/pt/LC_MESSAGES/libgsf.mo
installing pt_BR.gmo as c:/devel/target/3c512d3c6d856d7fbebdeec5b8701185/share/locale/pt_BR/LC_MESSAGES/libgsf.mo
installing sl.gmo as c:/devel/target/3c512d3c6d856d7fbebdeec5b8701185/share/locale/sl/LC_MESSAGES/libgsf.mo
installing sv.gmo as c:/devel/target/3c512d3c6d856d7fbebdeec5b8701185/share/locale/sv/LC_MESSAGES/libgsf.mo
installing zh_CN.gmo as c:/devel/target/3c512d3c6d856d7fbebdeec5b8701185/share/locale/zh_CN/LC_MESSAGES/libgsf.mo
installing zh_HK.gmo as c:/devel/target/3c512d3c6d856d7fbebdeec5b8701185/share/locale/zh_HK/LC_MESSAGES/libgsf.mo
installing zh_TW.gmo as c:/devel/target/3c512d3c6d856d7fbebdeec5b8701185/share/locale/zh_TW/LC_MESSAGES/libgsf.mo
make[1]: Leaving directory `/devel/src/gnome/libgsf/1.14.17-1_win64/po'
Making install in gsf
make[1]: Entering directory `/devel/src/gnome/libgsf/1.14.17-1_win64/gsf'
  CC     gsf-utils.lo
  CC     gsf-libxml.lo
  CC     gsf-doc-meta-data.lo
gsf-libxml.c: In function 'gsf_xml_out_add_cstr':
gsf-libxml.c:1667:4: warning: unknown conversion type character 'h' in format
gsf-libxml.c:1667:4: warning: too many arguments for format
  CC     gsf-docprop-vector.lo
  CC     gsf-msole-utils.lo
  CC     gsf-open-pkg-utils.lo
  CC     gsf-opendoc-utils.lo
  CC     gsf-timestamp.lo
  CC     gsf-zip-utils.lo
  CC     gsf-input.lo
  CC     gsf-input-bzip.lo
  CC     gsf-input-gzip.lo
  CC     gsf-input-http.lo
  CC     gsf-input-iochannel.lo
  CC     gsf-input-memory.lo
  CC     gsf-input-proxy.lo
  CC     gsf-input-stdio.lo
  CC     gsf-input-textline.lo
  CC     gsf-infile.lo
gsf-input-memory.c: In function 'gsf_input_mmap_new':
gsf-input-memory.c:283:38: warning: cast from function call of type 'intptr_t' to non-matching type 'void *'
  CC     gsf-infile-msole.lo
  CC     gsf-infile-msvba.lo
  CC     gsf-infile-stdio.lo
  CC     gsf-infile-tar.lo
  CC     gsf-infile-zip.lo
  CC     gsf-output.lo
  CC     gsf-output-bzip.lo
  CC     gsf-output-csv.lo
  CC     gsf-output-gzip.lo
gsf-output-bzip.c: In function 'gsf_output_bzip_close':
gsf-output-bzip.c:184:35: warning: unused parameter 'output'
  CC     gsf-output-iconv.lo
  CC     gsf-output-iochannel.lo
  CC     gsf-output-memory.lo
  CC     gsf-output-stdio.lo
  CC     gsf-outfile.lo
  CC     gsf-outfile-msole.lo
  CC     gsf-outfile-stdio.lo
  CC     gsf-outfile-zip.lo
  CC     gsf-shared-memory.lo
  CC     gsf-structured-blob.lo
  CC     gsf-blob.lo
  CC     gsf-clip-data.lo
  CC     gsf-input-gio.lo
  CC     gsf-output-gio.lo
  CC     version.lo
hdrs='gsf.h gsf-utils.h gsf-libxml.h gsf-impl-utils.h gsf-doc-meta-data.h gsf-docprop-vector.h gsf-msole-utils.h gsf-open-pkg-utils.h gsf-opendoc-utils.h gsf-timestamp.h gsf-input.h gsf-input-impl.h gsf-input-bzip.h gsf-input-gzip.h gsf-input-http.h gsf-input-iochannel.h gsf-input-memory.h gsf-input-proxy.h gsf-input-stdio.h gsf-input-textline.h gsf-infile.h gsf-infile-impl.h gsf-infile-msole.h gsf-infile-msvba.h gsf-infile-stdio.h gsf-infile-tar.h gsf-infile-zip.h gsf-output.h gsf-output-impl.h gsf-output-bzip.h gsf-output-csv.h gsf-output-gzip.h gsf-output-iconv.h gsf-output-iochannel.h gsf-output-memory.h gsf-output-stdio.h gsf-outfile.h gsf-outfile-impl.h gsf-outfile-msole.h gsf-outfile-stdio.h gsf-outfile-zip.h gsf-shared-memory.h gsf-structured-blob.h gsf-meta-names.h gsf-blob.h gsf-clip-data.h gsf-input-gio.h gsf-output-gio.h'; \
	hdrs_list=''; \
	for hdr in $hdrs; do \
	  if test -f ./$hdr; then \
	    hdrs_list="$hdrs_list ./$hdr"; \
	  else \
	    hdrs_list="$hdrs_list $hdr"; \
	  fi; \
	done; \
	cat ../gsf-config.h $hdrs_list | \
		sed -e 's/^#[ \t]*include[ \t]\+.*$//g' | \
		x86_64-w64-mingw32-gcc -E -I.. -mms-bitfields -Ic:/devel/dist/win64/libxml2-2.7.4-1/include/libxml2 -Ic:/devel/dist/win64/glib-2.24.0-2/include/glib-2.0 -Ic:/devel/dist/win64/glib-2.24.0-2/lib/glib-2.0/include    -mms-bitfields -Ic:/devel/dist/win64/glib-2.24.0-2/include/glib-2.0 -Ic:/devel/dist/win64/glib-2.24.0-2/lib/glib-2.0/include   -DGNOMELOCALEDIR=\"c:/devel/target/3c512d3c6d856d7fbebdeec5b8701185/share/locale\" -DGLIB_CHECK_VERSION\(x,y,z\) -P - > xgen-libdef.1 && \
	echo EXPORTS> xgen-libdef.2 && \
	perl ../dumpdef.pl \
		xgen-libdef.1 >> xgen-libdef.2 \
	&& (cmp -s xgen-libdef.2 lib.def || \
		cp xgen-libdef.2 lib.def) \
	&& rm -f xgen-libdef.1 xgen-libdef.2 \
	&& echo timestamp > stamp-lib.def	
  CCLD   libgsf-1.la
Creating library file: .libs/libgsf-1.dll.a
lib -name:libgsf-1-114.dll -def:lib.def -out:gsf-1.lib
Microsoft (R) Library Manager Version 9.00.30729.01
Copyright (C) Microsoft Corporation.  All rights reserved.

LINK : warning LNK4068: /MACHINE not specified; defaulting to X86
   Creating library gsf-1.lib and object gsf-1.exp
make[2]: Entering directory `/devel/src/gnome/libgsf/1.14.17-1_win64/gsf'
test -z "c:/devel/target/3c512d3c6d856d7fbebdeec5b8701185/lib" || /bin/mkdir -p "c:/devel/target/3c512d3c6d856d7fbebdeec5b8701185/lib"
test -z "c:/devel/target/3c512d3c6d856d7fbebdeec5b8701185/lib" || /bin/mkdir -p "c:/devel/target/3c512d3c6d856d7fbebdeec5b8701185/lib"
test -z "c:/devel/target/3c512d3c6d856d7fbebdeec5b8701185/include/libgsf-1/gsf" || /bin/mkdir -p "c:/devel/target/3c512d3c6d856d7fbebdeec5b8701185/include/libgsf-1/gsf"
 /bin/sh ../libtool   --mode=install /opt/local/bin/install -c   libgsf-1.la 'c:/devel/target/3c512d3c6d856d7fbebdeec5b8701185/lib'
 /opt/local/bin/install -c -m 644 gsf-1.lib 'c:/devel/target/3c512d3c6d856d7fbebdeec5b8701185/lib'
 /opt/local/bin/install -c -m 644 gsf.h gsf-utils.h gsf-libxml.h gsf-impl-utils.h gsf-doc-meta-data.h gsf-docprop-vector.h gsf-msole-utils.h gsf-open-pkg-utils.h gsf-opendoc-utils.h gsf-timestamp.h gsf-input.h gsf-input-impl.h gsf-input-bzip.h gsf-input-gzip.h gsf-input-http.h gsf-input-iochannel.h gsf-input-memory.h gsf-input-proxy.h gsf-input-stdio.h gsf-input-textline.h gsf-infile.h gsf-infile-impl.h gsf-infile-msole.h gsf-infile-msvba.h gsf-infile-stdio.h gsf-infile-tar.h gsf-infile-zip.h gsf-output.h gsf-output-impl.h gsf-output-bzip.h gsf-output-csv.h gsf-output-gzip.h gsf-output-iconv.h gsf-output-iochannel.h gsf-output-memory.h gsf-output-stdio.h gsf-outfile.h gsf-outfile-impl.h gsf-outfile-msole.h gsf-outfile-stdio.h 'c:/devel/target/3c512d3c6d856d7fbebdeec5b8701185/include/libgsf-1/gsf'
 /opt/local/bin/install -c -m 644 gsf-outfile-zip.h gsf-shared-memory.h gsf-structured-blob.h gsf-meta-names.h gsf-blob.h gsf-clip-data.h gsf-input-gio.h gsf-output-gio.h 'c:/devel/target/3c512d3c6d856d7fbebdeec5b8701185/include/libgsf-1/gsf'
libtool: install: /opt/local/bin/install -c .libs/libgsf-1.dll.a c:/devel/target/3c512d3c6d856d7fbebdeec5b8701185/lib/libgsf-1.dll.a
libtool: install: base_file=`basename libgsf-1.la`
libtool: install:  dlpath=`/bin/sh 2>&1 -c '. .libs/'libgsf-1.la'i; echo libgsf-1-114.dll'`
libtool: install:  dldir=c:/devel/target/3c512d3c6d856d7fbebdeec5b8701185/lib/`dirname ../bin/libgsf-1-114.dll`
libtool: install:  test -d c:/devel/target/3c512d3c6d856d7fbebdeec5b8701185/lib/../bin || mkdir -p c:/devel/target/3c512d3c6d856d7fbebdeec5b8701185/lib/../bin
libtool: install:  /opt/local/bin/install -c .libs/libgsf-1-114.dll c:/devel/target/3c512d3c6d856d7fbebdeec5b8701185/lib/../bin/libgsf-1-114.dll
libtool: install:  chmod a+x c:/devel/target/3c512d3c6d856d7fbebdeec5b8701185/lib/../bin/libgsf-1-114.dll
libtool: install:  if test -n '' && test -n 'x86_64-w64-mingw32-strip --strip-unneeded'; then eval 'x86_64-w64-mingw32-strip --strip-unneeded c:/devel/target/3c512d3c6d856d7fbebdeec5b8701185/lib/../bin/libgsf-1-114.dll' || exit 0; fi
libtool: install: /opt/local/bin/install -c .libs/libgsf-1.lai c:/devel/target/3c512d3c6d856d7fbebdeec5b8701185/lib/libgsf-1.la
----------------------------------------------------------------------
Libraries have been installed in:
   c:/devel/target/3c512d3c6d856d7fbebdeec5b8701185/lib

If you ever happen to want to link against installed libraries
in a given directory, LIBDIR, you must either use libtool, and
specify the full pathname of the library, or use the `-LLIBDIR'
flag during linking and do at least one of the following:
   - add LIBDIR to the `PATH' environment variable
     during execution
   - add LIBDIR to the `LD_RUN_PATH' environment variable
     during linking
   - use the `-LLIBDIR' linker flag

See any operating system documentation about shared libraries for
more information, such as the ld(1) and ld.so(8) manual pages.
----------------------------------------------------------------------
make[2]: Leaving directory `/devel/src/gnome/libgsf/1.14.17-1_win64/gsf'
make[1]: Leaving directory `/devel/src/gnome/libgsf/1.14.17-1_win64/gsf'
Making install in gsf-gnome
make[1]: Entering directory `/devel/src/gnome/libgsf/1.14.17-1_win64/gsf-gnome'
make[2]: Entering directory `/devel/src/gnome/libgsf/1.14.17-1_win64/gsf-gnome'
test -z "c:/devel/target/3c512d3c6d856d7fbebdeec5b8701185/lib" || /bin/mkdir -p "c:/devel/target/3c512d3c6d856d7fbebdeec5b8701185/lib"
test -z "c:/devel/target/3c512d3c6d856d7fbebdeec5b8701185/include/libgsf-1/gsf-gnome" || /bin/mkdir -p "c:/devel/target/3c512d3c6d856d7fbebdeec5b8701185/include/libgsf-1/gsf-gnome"
 /opt/local/bin/install -c -m 644 gsf-input-gnomevfs.h gsf-output-gnomevfs.h gsf-input-bonobo.h gsf-output-bonobo.h gsf-shared-bonobo-stream.h 'c:/devel/target/3c512d3c6d856d7fbebdeec5b8701185/include/libgsf-1/gsf-gnome'
make[2]: Leaving directory `/devel/src/gnome/libgsf/1.14.17-1_win64/gsf-gnome'
make[1]: Leaving directory `/devel/src/gnome/libgsf/1.14.17-1_win64/gsf-gnome'
Making install in gsf-win32
make[1]: Entering directory `/devel/src/gnome/libgsf/1.14.17-1_win64/gsf-win32'
  CC     gsf-input-win32.lo
  CC     gsf-output-win32.lo
hdrs='gsf-input-win32.h gsf-output-win32.h'; \
	hdrs_list=''; \
	for hdr in $hdrs; do \
	  if test -f ./$hdr; then \
	    hdrs_list="$hdrs_list ./$hdr"; \
	  else \
	    hdrs_list="$hdrs_list $hdr"; \
	  fi; \
	done; \
	cat ../gsf-config.h $hdrs_list | \
		sed -e 's/^#[ \t]*include[ \t]\+.*$//g' | \
		x86_64-w64-mingw32-gcc -E -I.. -mms-bitfields -Ic:/devel/dist/win64/libxml2-2.7.4-1/include/libxml2 -Ic:/devel/dist/win64/glib-2.24.0-2/include/glib-2.0 -Ic:/devel/dist/win64/glib-2.24.0-2/lib/glib-2.0/include    -P - > xgen-libdef.1 && \
	echo EXPORTS> xgen-libdef.2 && \
	perl ../dumpdef.pl \
		xgen-libdef.1 >> xgen-libdef.2 \
	&& (cmp -s xgen-libdef.2 lib.def || \
		cp xgen-libdef.2 lib.def) \
	&& rm -f xgen-libdef.1 xgen-libdef.2 \
	&& echo timestamp > stamp-lib.def	
  CCLD   libgsf-win32-1.la
Creating library file: .libs/libgsf-win32-1.dll.a
lib -name:libgsf-win32-1-114.dll -def:lib.def -out:gsf-win32-1.lib
Microsoft (R) Library Manager Version 9.00.30729.01
Copyright (C) Microsoft Corporation.  All rights reserved.

LINK : warning LNK4068: /MACHINE not specified; defaulting to X86
   Creating library gsf-win32-1.lib and object gsf-win32-1.exp
make[2]: Entering directory `/devel/src/gnome/libgsf/1.14.17-1_win64/gsf-win32'
test -z "c:/devel/target/3c512d3c6d856d7fbebdeec5b8701185/lib" || /bin/mkdir -p "c:/devel/target/3c512d3c6d856d7fbebdeec5b8701185/lib"
test -z "c:/devel/target/3c512d3c6d856d7fbebdeec5b8701185/lib" || /bin/mkdir -p "c:/devel/target/3c512d3c6d856d7fbebdeec5b8701185/lib"
test -z "c:/devel/target/3c512d3c6d856d7fbebdeec5b8701185/include/libgsf-1/gsf-win32" || /bin/mkdir -p "c:/devel/target/3c512d3c6d856d7fbebdeec5b8701185/include/libgsf-1/gsf-win32"
 /bin/sh ../libtool   --mode=install /opt/local/bin/install -c   libgsf-win32-1.la 'c:/devel/target/3c512d3c6d856d7fbebdeec5b8701185/lib'
 /opt/local/bin/install -c -m 644 gsf-win32-1.lib 'c:/devel/target/3c512d3c6d856d7fbebdeec5b8701185/lib'
 /opt/local/bin/install -c -m 644 gsf-input-win32.h gsf-output-win32.h 'c:/devel/target/3c512d3c6d856d7fbebdeec5b8701185/include/libgsf-1/gsf-win32'
libtool: install: /opt/local/bin/install -c .libs/libgsf-win32-1.dll.a c:/devel/target/3c512d3c6d856d7fbebdeec5b8701185/lib/libgsf-win32-1.dll.a
libtool: install: base_file=`basename libgsf-win32-1.la`
libtool: install:  dlpath=`/bin/sh 2>&1 -c '. .libs/'libgsf-win32-1.la'i; echo libgsf-win32-1-114.dll'`
libtool: install:  dldir=c:/devel/target/3c512d3c6d856d7fbebdeec5b8701185/lib/`dirname ../bin/libgsf-win32-1-114.dll`
libtool: install:  test -d c:/devel/target/3c512d3c6d856d7fbebdeec5b8701185/lib/../bin || mkdir -p c:/devel/target/3c512d3c6d856d7fbebdeec5b8701185/lib/../bin
libtool: install:  /opt/local/bin/install -c .libs/libgsf-win32-1-114.dll c:/devel/target/3c512d3c6d856d7fbebdeec5b8701185/lib/../bin/libgsf-win32-1-114.dll
libtool: install:  chmod a+x c:/devel/target/3c512d3c6d856d7fbebdeec5b8701185/lib/../bin/libgsf-win32-1-114.dll
libtool: install:  if test -n '' && test -n 'x86_64-w64-mingw32-strip --strip-unneeded'; then eval 'x86_64-w64-mingw32-strip --strip-unneeded c:/devel/target/3c512d3c6d856d7fbebdeec5b8701185/lib/../bin/libgsf-win32-1-114.dll' || exit 0; fi
libtool: install: /opt/local/bin/install -c .libs/libgsf-win32-1.lai c:/devel/target/3c512d3c6d856d7fbebdeec5b8701185/lib/libgsf-win32-1.la
----------------------------------------------------------------------
Libraries have been installed in:
   c:/devel/target/3c512d3c6d856d7fbebdeec5b8701185/lib

If you ever happen to want to link against installed libraries
in a given directory, LIBDIR, you must either use libtool, and
specify the full pathname of the library, or use the `-LLIBDIR'
flag during linking and do at least one of the following:
   - add LIBDIR to the `PATH' environment variable
     during execution
   - add LIBDIR to the `LD_RUN_PATH' environment variable
     during linking
   - use the `-LLIBDIR' linker flag

See any operating system documentation about shared libraries for
more information, such as the ld(1) and ld.so(8) manual pages.
----------------------------------------------------------------------
make[2]: Leaving directory `/devel/src/gnome/libgsf/1.14.17-1_win64/gsf-win32'
make[1]: Leaving directory `/devel/src/gnome/libgsf/1.14.17-1_win64/gsf-win32'
Making install in doc
make[1]: Entering directory `/devel/src/gnome/libgsf/1.14.17-1_win64/doc'
make[2]: Entering directory `/devel/src/gnome/libgsf/1.14.17-1_win64/doc'
make[2]: Nothing to be done for `install-exec-am'.
installfiles=`echo ./html/*`; \
	if test "$installfiles" = './html/*'; \
	then echo '-- Nothing to install' ; \
	else \
	  if test -n ""; then \
	    installdir="c:/devel/target/3c512d3c6d856d7fbebdeec5b8701185/share/gtk-doc/html/gsf-"; \
	  else \
	    installdir="c:/devel/target/3c512d3c6d856d7fbebdeec5b8701185/share/gtk-doc/html/gsf"; \
	  fi; \
	  /bin/sh ../mkinstalldirs ${installdir} ; \
	  for i in $installfiles; do \
	    echo '-- Installing '$i ; \
	    /opt/local/bin/install -c -m 644 $i ${installdir}; \
	  done; \
	  if test -n ""; then \
	    mv -f ${installdir}/gsf.devhelp2 \
	      ${installdir}/gsf-.devhelp2; \
	    mv -f ${installdir}/gsf.devhelp \
	      ${installdir}/gsf-.devhelp; \
	  fi; \
	  ! which gtkdoc-rebase >/dev/null 2>&1 || \
	    gtkdoc-rebase --relative --dest-dir= --html-dir=${installdir} ; \
	fi
test -z "c:/devel/target/3c512d3c6d856d7fbebdeec5b8701185/share/man/man1" || /bin/mkdir -p "c:/devel/target/3c512d3c6d856d7fbebdeec5b8701185/share/man/man1"
-- Installing ./html/GsfClipData.html
 /opt/local/bin/install -c -m 644 gsf-office-thumbnailer.1 gsf-vba-dump.1 gsf.1 'c:/devel/target/3c512d3c6d856d7fbebdeec5b8701185/share/man/man1'
-- Installing ./html/api.html
-- Installing ./html/dependencies.html
-- Installing ./html/gsf-Bononbo.html
-- Installing ./html/gsf-Compression.html
-- Installing ./html/gsf-GIO.html
-- Installing ./html/gsf-GIOChannel.html
-- Installing ./html/gsf-GnomeVFS.html
-- Installing ./html/gsf-Infile-reading-structed-files.html
-- Installing ./html/gsf-Input-from-unstructured-files.html
-- Installing ./html/gsf-MS-OLE2.html
-- Installing ./html/gsf-OASIS-Open-Document.html
-- Installing ./html/gsf-Outfile-writing-structed-files.html
-- Installing ./html/gsf-Output-to-unstructured-files.html
-- Installing ./html/gsf-Reading-and-Writing-from-local-files-and-directories.html
-- Installing ./html/gsf-Text.html
-- Installing ./html/gsf-XML-and-libxml.html
-- Installing ./html/gsf-Zip.html
-- Installing ./html/gsf-blobs.html
-- Installing ./html/gsf-index.html
-- Installing ./html/gsf-memory.html
-- Installing ./html/gsf-metadata.html
-- Installing ./html/gsf-users.html
-- Installing ./html/gsf-utils.html
-- Installing ./html/gsf.devhelp
-- Installing ./html/gsf.devhelp2
-- Installing ./html/history.html
-- Installing ./html/home.png
-- Installing ./html/index.html
-- Installing ./html/index.sgml
-- Installing ./html/intro.html
-- Installing ./html/io.html
-- Installing ./html/left.png
-- Installing ./html/misc.html
-- Installing ./html/parsers.html
-- Installing ./html/right.png
-- Installing ./html/sources.html
-- Installing ./html/style.css
-- Installing ./html/up.png
make[2]: Leaving directory `/devel/src/gnome/libgsf/1.14.17-1_win64/doc'
make[1]: Leaving directory `/devel/src/gnome/libgsf/1.14.17-1_win64/doc'
Making install in tools
make[1]: Entering directory `/devel/src/gnome/libgsf/1.14.17-1_win64/tools'
  CC     gsf.o
  CC     gsf-vba-dump.o
  CCLD   gsf-vba-dump.exe
  CCLD   gsf.exe
Info: resolving _libgsf_micro_version by linking to __imp__libgsf_micro_version (auto-import)
Info: resolving _libgsf_minor_version by linking to __imp__libgsf_minor_version (auto-import)
Info: resolving _libgsf_major_version by linking to __imp__libgsf_major_version (auto-importc:/opt/mingw64/bin/../lib/gcc/x86_64-w64-mingw32/4.5.0/../../../../x86_64-w64-mingw32/bin/ld.exe: warning: auto-importing has been activated without --enable-auto-import specified on the command line.
This should work unless it involves constant data structures referencing symbols from auto-imported DLLs.)

./.libs/lt-gsf-vba-dump.c: In function 'lt_error_core':
./.libs/lt-gsf-vba-dump.c:752:3: warning: function might be possible candidate for 'ms_printf' format attribute
./.libs/lt-gsf-vba-dump.c: In function 'lt_fatal':
./.libs/lt-gsf-vba-dump.c:760:1: warning: function might be possible candidate for attribute 'noreturn'
./.libs/lt-gsf.c: In function 'lt_error_core':
./.libs/lt-gsf.c:752:3: warning: function might be possible candidate for 'ms_printf' format attribute
./.libs/lt-gsf.c: In function 'lt_fatal':
./.libs/lt-gsf.c:760:1: warning: function might be possible candidate for attribute 'noreturn'
make[2]: Entering directory `/devel/src/gnome/libgsf/1.14.17-1_win64/tools'
test -z "c:/devel/target/3c512d3c6d856d7fbebdeec5b8701185/bin" || /bin/mkdir -p "c:/devel/target/3c512d3c6d856d7fbebdeec5b8701185/bin"
make[2]: Nothing to be done for `install-data-am'.
  /bin/sh ../libtool   --mode=install /opt/local/bin/install -c gsf.exe gsf-vba-dump.exe 'c:/devel/target/3c512d3c6d856d7fbebdeec5b8701185/bin'
libtool: install: /opt/local/bin/install -c .libs/gsf.exe c:/devel/target/3c512d3c6d856d7fbebdeec5b8701185/bin/gsf.exe
libtool: install: /opt/local/bin/install -c .libs/gsf-vba-dump.exe c:/devel/target/3c512d3c6d856d7fbebdeec5b8701185/bin/gsf-vba-dump.exe
make[2]: Leaving directory `/devel/src/gnome/libgsf/1.14.17-1_win64/tools'
make[1]: Leaving directory `/devel/src/gnome/libgsf/1.14.17-1_win64/tools'
Making install in tests
make[1]: Entering directory `/devel/src/gnome/libgsf/1.14.17-1_win64/tests'
make[2]: Entering directory `/devel/src/gnome/libgsf/1.14.17-1_win64/tests'
make[2]: Nothing to be done for `install-exec-am'.
make[2]: Nothing to be done for `install-data-am'.
make[2]: Leaving directory `/devel/src/gnome/libgsf/1.14.17-1_win64/tests'
make[1]: Leaving directory `/devel/src/gnome/libgsf/1.14.17-1_win64/tests'
Making install in m4
make[1]: Entering directory `/devel/src/gnome/libgsf/1.14.17-1_win64/m4'
make[2]: Entering directory `/devel/src/gnome/libgsf/1.14.17-1_win64/m4'
make[2]: Nothing to be done for `install-exec-am'.
make[2]: Nothing to be done for `install-data-am'.
make[2]: Leaving directory `/devel/src/gnome/libgsf/1.14.17-1_win64/m4'
make[1]: Leaving directory `/devel/src/gnome/libgsf/1.14.17-1_win64/m4'
make[1]: Entering directory `/devel/src/gnome/libgsf/1.14.17-1_win64'
make[2]: Entering directory `/devel/src/gnome/libgsf/1.14.17-1_win64'
make[2]: Nothing to be done for `install-exec-am'.
test -z "c:/devel/target/3c512d3c6d856d7fbebdeec5b8701185/lib/pkgconfig" || /bin/mkdir -p "c:/devel/target/3c512d3c6d856d7fbebdeec5b8701185/lib/pkgconfig"
 /opt/local/bin/install -c -m 644 libgsf-1.pc libgsf-win32-1.pc 'c:/devel/target/3c512d3c6d856d7fbebdeec5b8701185/lib/pkgconfig'
make[2]: Leaving directory `/devel/src/gnome/libgsf/1.14.17-1_win64'
make[1]: Leaving directory `/devel/src/gnome/libgsf/1.14.17-1_win64'
++ ./libgsf-zip
rm: cannot lstat `/tmp/libgsf-1.14.17.zip': No such file or directory
  adding: bin/libgsf-1-114.dll (200 bytes security) (deflated 66%)
  adding: bin/libgsf-win32-1-114.dll (200 bytes security) (deflated 70%)
  adding: share/locale/de/LC_MESSAGES/libgsf.mo (200 bytes security) (deflated 76%)
  adding: share/locale/en_GB/LC_MESSAGES/libgsf.mo (200 bytes security) (deflated 82%)
  adding: share/locale/es/LC_MESSAGES/libgsf.mo (200 bytes security) (deflated 78%)
  adding: share/locale/eu/LC_MESSAGES/libgsf.mo (200 bytes security) (deflated 78%)
  adding: share/locale/fr/LC_MESSAGES/libgsf.mo (200 bytes security) (deflated 78%)
  adding: share/locale/nb/LC_MESSAGES/libgsf.mo (200 bytes security) (deflated 40%)
  adding: share/locale/oc/LC_MESSAGES/libgsf.mo (200 bytes security) (deflated 26%)
  adding: share/locale/pa/LC_MESSAGES/libgsf.mo (200 bytes security) (deflated 51%)
  adding: share/locale/pt/LC_MESSAGES/libgsf.mo (200 bytes security) (deflated 78%)
  adding: share/locale/pt_BR/LC_MESSAGES/libgsf.mo (200 bytes security) (deflated 77%)
  adding: share/locale/sl/LC_MESSAGES/libgsf.mo (200 bytes security) (deflated 76%)
  adding: share/locale/sv/LC_MESSAGES/libgsf.mo (200 bytes security) (deflated 78%)
  adding: share/locale/zh_CN/LC_MESSAGES/libgsf.mo (200 bytes security) (deflated 75%)
  adding: share/locale/zh_HK/LC_MESSAGES/libgsf.mo (200 bytes security) (deflated 76%)
  adding: share/locale/zh_TW/LC_MESSAGES/libgsf.mo (200 bytes security) (deflated 76%)
rm: cannot lstat `/tmp/libgsf-gnome-1.14.17.zip': No such file or directory
	zip warning: name not matched: etc/gconf/schemas/gsf-office-thumbnailer.schemas
	zip warning: name not matched: bin/libgsf-gnome-1-114.dll

zip error: Nothing to do! (C:/Users/tml/AppData/Local/Temp/libgsf-gnome-1.14.17.zip)
rm: cannot lstat `/tmp/libgsf-dev-1.14.17.zip': No such file or directory
  adding: include/libgsf-1/gsf/ (200 bytes security) (stored 0%)
  adding: include/libgsf-1/gsf/gsf-blob.h (200 bytes security) (deflated 62%)
  adding: include/libgsf-1/gsf/gsf-clip-data.h (200 bytes security) (deflated 66%)
  adding: include/libgsf-1/gsf/gsf-doc-meta-data.h (200 bytes security) (deflated 61%)
  adding: include/libgsf-1/gsf/gsf-docprop-vector.h (200 bytes security) (deflated 53%)
  adding: include/libgsf-1/gsf/gsf-impl-utils.h (200 bytes security) (deflated 68%)
  adding: include/libgsf-1/gsf/gsf-infile-impl.h (200 bytes security) (deflated 49%)
  adding: include/libgsf-1/gsf/gsf-infile-msole.h (200 bytes security) (deflated 48%)
  adding: include/libgsf-1/gsf/gsf-infile-msvba.h (200 bytes security) (deflated 51%)
  adding: include/libgsf-1/gsf/gsf-infile-stdio.h (200 bytes security) (deflated 49%)
  adding: include/libgsf-1/gsf/gsf-infile-tar.h (200 bytes security) (deflated 49%)
  adding: include/libgsf-1/gsf/gsf-infile-zip.h (200 bytes security) (deflated 47%)
  adding: include/libgsf-1/gsf/gsf-infile.h (200 bytes security) (deflated 54%)
  adding: include/libgsf-1/gsf/gsf-input-bzip.h (200 bytes security) (deflated 40%)
  adding: include/libgsf-1/gsf/gsf-input-gio.h (200 bytes security) (deflated 50%)
  adding: include/libgsf-1/gsf/gsf-input-gzip.h (200 bytes security) (deflated 47%)
  adding: include/libgsf-1/gsf/gsf-input-http.h (200 bytes security) (deflated 49%)
  adding: include/libgsf-1/gsf/gsf-input-impl.h (200 bytes security) (deflated 54%)
  adding: include/libgsf-1/gsf/gsf-input-iochannel.h (200 bytes security) (deflated 41%)
  adding: include/libgsf-1/gsf/gsf-input-memory.h (200 bytes security) (deflated 50%)
  adding: include/libgsf-1/gsf/gsf-input-proxy.h (200 bytes security) (deflated 50%)
  adding: include/libgsf-1/gsf/gsf-input-stdio.h (200 bytes security) (deflated 49%)
  adding: include/libgsf-1/gsf/gsf-input-textline.h (200 bytes security) (deflated 51%)
  adding: include/libgsf-1/gsf/gsf-input.h (200 bytes security) (deflated 55%)
  adding: include/libgsf-1/gsf/gsf-libxml.h (200 bytes security) (deflated 68%)
  adding: include/libgsf-1/gsf/gsf-meta-names.h (200 bytes security) (deflated 71%)
  adding: include/libgsf-1/gsf/gsf-msole-utils.h (200 bytes security) (deflated 54%)
  adding: include/libgsf-1/gsf/gsf-open-pkg-utils.h (200 bytes security) (deflated 65%)
  adding: include/libgsf-1/gsf/gsf-opendoc-utils.h (200 bytes security) (deflated 50%)
  adding: include/libgsf-1/gsf/gsf-outfile-impl.h (200 bytes security) (deflated 47%)
  adding: include/libgsf-1/gsf/gsf-outfile-msole.h (200 bytes security) (deflated 50%)
  adding: include/libgsf-1/gsf/gsf-outfile-stdio.h (200 bytes security) (deflated 52%)
  adding: include/libgsf-1/gsf/gsf-outfile-zip.h (200 bytes security) (deflated 51%)
  adding: include/libgsf-1/gsf/gsf-outfile.h (200 bytes security) (deflated 53%)
  adding: include/libgsf-1/gsf/gsf-output-bzip.h (200 bytes security) (deflated 48%)
  adding: include/libgsf-1/gsf/gsf-output-csv.h (200 bytes security) (deflated 57%)
  adding: include/libgsf-1/gsf/gsf-output-gio.h (200 bytes security) (deflated 50%)
  adding: include/libgsf-1/gsf/gsf-output-gzip.h (200 bytes security) (deflated 48%)
  adding: include/libgsf-1/gsf/gsf-output-iconv.h (200 bytes security) (deflated 49%)
  adding: include/libgsf-1/gsf/gsf-output-impl.h (200 bytes security) (deflated 46%)
  adding: include/libgsf-1/gsf/gsf-output-iochannel.h (200 bytes security) (deflated 50%)
  adding: include/libgsf-1/gsf/gsf-output-memory.h (200 bytes security) (deflated 49%)
  adding: include/libgsf-1/gsf/gsf-output-stdio.h (200 bytes security) (deflated 54%)
  adding: include/libgsf-1/gsf/gsf-output.h (200 bytes security) (deflated 62%)
  adding: include/libgsf-1/gsf/gsf-shared-memory.h (200 bytes security) (deflated 51%)
  adding: include/libgsf-1/gsf/gsf-structured-blob.h (200 bytes security) (deflated 50%)
  adding: include/libgsf-1/gsf/gsf-timestamp.h (200 bytes security) (deflated 52%)
  adding: include/libgsf-1/gsf/gsf-utils.h (200 bytes security) (deflated 76%)
  adding: include/libgsf-1/gsf/gsf.h (200 bytes security) (deflated 54%)
  adding: include/libgsf-1/gsf-win32/ (200 bytes security) (stored 0%)
  adding: include/libgsf-1/gsf-win32/gsf-input-win32.h (200 bytes security) (deflated 49%)
  adding: include/libgsf-1/gsf-win32/gsf-output-win32.h (200 bytes security) (deflated 49%)
  adding: lib/libgsf-1.dll.a (200 bytes security) (deflated 93%)
  adding: lib/libgsf-win32-1.dll.a (200 bytes security) (deflated 82%)
  adding: lib/pkgconfig/libgsf-1.pc (200 bytes security) (deflated 30%)
  adding: lib/pkgconfig/libgsf-win32-1.pc (200 bytes security) (deflated 29%)
  adding: include/libgsf-1/gsf-gnome/ (200 bytes security) (stored 0%)
  adding: include/libgsf-1/gsf-gnome/gsf-input-bonobo.h (200 bytes security) (deflated 49%)
  adding: include/libgsf-1/gsf-gnome/gsf-input-gnomevfs.h (200 bytes security) (deflated 51%)
  adding: include/libgsf-1/gsf-gnome/gsf-output-bonobo.h (200 bytes security) (deflated 49%)
  adding: include/libgsf-1/gsf-gnome/gsf-output-gnomevfs.h (200 bytes security) (deflated 51%)
  adding: include/libgsf-1/gsf-gnome/gsf-shared-bonobo-stream.h (200 bytes security) (deflated 52%)
	zip warning: name not matched: bin/gsf-office-thumbnailer.exe
	zip warning: name not matched: lib/libgsf-gnome-1.dll.a
	zip warning: name not matched: lib/pkgconfig/libgsf-gnome-1.pc
++ mv /tmp/libgsf-1.14.17.zip /tmp/libgsf_1.14.17-1_win64.zip
++ mv /tmp/libgsf-dev-1.14.17.zip /tmp/libgsf-dev_1.14.17-1_win64.zip
++ :
