+++ latest --arch=win64 libxml2 glib atk libpng cairo pango gtk+
++ DEPS='libxml2-2.6.32-1 glib-2.18.4-1 atk-1.24.0-1 libpng-1.2.34-1 cairo-1.8.6-1 pango-1.22.4-1 gtk+-2.14.7-1'
+++ latest --arch=win64 proxy-libintl
++ PROXY_LIBINTL=proxy-libintl-20080918
+++ latest --arch=win64 win-iconv
Module win-iconv not found
++ WIN_ICONV=
++ PKG_CONFIG_PATH=/dummy
++ for D in '$DEPS'
++ '[' -d /devel/dist/win64/libxml2-2.6.32-1/lib/pkgconfig ']'
++ PKG_CONFIG_PATH=/devel/dist/win64/libxml2-2.6.32-1/lib/pkgconfig:/dummy
++ for D in '$DEPS'
++ '[' -d /devel/dist/win64/glib-2.18.4-1/lib/pkgconfig ']'
++ PKG_CONFIG_PATH=/devel/dist/win64/glib-2.18.4-1/lib/pkgconfig:/devel/dist/win64/libxml2-2.6.32-1/lib/pkgconfig:/dummy
++ for D in '$DEPS'
++ '[' -d /devel/dist/win64/atk-1.24.0-1/lib/pkgconfig ']'
++ PKG_CONFIG_PATH=/devel/dist/win64/atk-1.24.0-1/lib/pkgconfig:/devel/dist/win64/glib-2.18.4-1/lib/pkgconfig:/devel/dist/win64/libxml2-2.6.32-1/lib/pkgconfig:/dummy
++ for D in '$DEPS'
++ '[' -d /devel/dist/win64/libpng-1.2.34-1/lib/pkgconfig ']'
++ PKG_CONFIG_PATH=/devel/dist/win64/libpng-1.2.34-1/lib/pkgconfig:/devel/dist/win64/atk-1.24.0-1/lib/pkgconfig:/devel/dist/win64/glib-2.18.4-1/lib/pkgconfig:/devel/dist/win64/libxml2-2.6.32-1/lib/pkgconfig:/dummy
++ for D in '$DEPS'
++ '[' -d /devel/dist/win64/cairo-1.8.6-1/lib/pkgconfig ']'
++ PKG_CONFIG_PATH=/devel/dist/win64/cairo-1.8.6-1/lib/pkgconfig:/devel/dist/win64/libpng-1.2.34-1/lib/pkgconfig:/devel/dist/win64/atk-1.24.0-1/lib/pkgconfig:/devel/dist/win64/glib-2.18.4-1/lib/pkgconfig:/devel/dist/win64/libxml2-2.6.32-1/lib/pkgconfig:/dummy
++ for D in '$DEPS'
++ '[' -d /devel/dist/win64/pango-1.22.4-1/lib/pkgconfig ']'
++ PKG_CONFIG_PATH=/devel/dist/win64/pango-1.22.4-1/lib/pkgconfig:/devel/dist/win64/cairo-1.8.6-1/lib/pkgconfig:/devel/dist/win64/libpng-1.2.34-1/lib/pkgconfig:/devel/dist/win64/atk-1.24.0-1/lib/pkgconfig:/devel/dist/win64/glib-2.18.4-1/lib/pkgconfig:/devel/dist/win64/libxml2-2.6.32-1/lib/pkgconfig:/dummy
++ for D in '$DEPS'
++ '[' -d /devel/dist/win64/gtk+-2.14.7-1/lib/pkgconfig ']'
++ PKG_CONFIG_PATH=/devel/dist/win64/gtk+-2.14.7-1/lib/pkgconfig:/devel/dist/win64/pango-1.22.4-1/lib/pkgconfig:/devel/dist/win64/cairo-1.8.6-1/lib/pkgconfig:/devel/dist/win64/libpng-1.2.34-1/lib/pkgconfig:/devel/dist/win64/atk-1.24.0-1/lib/pkgconfig:/devel/dist/win64/glib-2.18.4-1/lib/pkgconfig:/devel/dist/win64/libxml2-2.6.32-1/lib/pkgconfig:/dummy
++ sed -e 's/need_relink=yes/need_relink=no # no way --tml/'
++ mv ltmain.temp ltmain.sh
++ sed -e 's!file /!dont-want-to-use-file!'
++ mv configure.temp configure
++ sed -e 's!file format pe-i386!file format pe-!'
++ mv ltmain.sh.temp ltmain.sh
++ sed -e 's!file_magic file format pei\*-i386!file_magic file format pei*-!'
++ mv configure.temp configure
++ CC=x86_64-pc-mingw32-gcc
++ CPPFLAGS='-I/devel/dist/win64/proxy-libintl-20080918/include -I/devel/dist/win64//include'
++ LDFLAGS='-L/devel/dist/win64/proxy-libintl-20080918/lib -Wl,--exclude-libs=libintl.a -Wl,--enable-auto-image-base'
++ CFLAGS=-O2
++ ./configure --host=x86_64-pc-mingw32 --disable-gtk-doc --disable-static --prefix=c:/devel/target/aaa7e17cc06d35f4b9deab283149826a
configure: WARNING: If you wanted to set the --build type, don't use --host.
    If a cross compiler is detected then cross compile mode will be used.
checking for a BSD-compatible install... /opt/local/bin/install -c
checking whether build environment is sane... yes
checking for a thread-safe mkdir -p... /bin/mkdir -p
checking for gawk... gawk
checking whether make sets $(MAKE)... yes
checking for x86_64-pc-mingw32-strip... x86_64-pc-mingw32-strip
checking for x86_64-pc-mingw32-gcc... x86_64-pc-mingw32-gcc
checking for C compiler default output file name... a.exe
checking whether the C compiler works... yes
checking whether we are cross compiling... yes
checking for suffix of executables... .exe
checking for suffix of object files... o
checking whether we are using the GNU C compiler... yes
checking whether x86_64-pc-mingw32-gcc accepts -g... yes
checking for x86_64-pc-mingw32-gcc option to accept ISO C89... none needed
checking for style of include used by make... GNU
checking dependency style of x86_64-pc-mingw32-gcc... gcc3
checking for library containing strerror... none required
checking how to run the C preprocessor... x86_64-pc-mingw32-gcc -E
checking for grep that handles long lines and -e... /opt/gnuwin32/bin/grep
checking for egrep... /opt/gnuwin32/bin/grep -E
checking for ANSI C header files... yes
checking build system type... i686-pc-mingw32
checking host system type... x86_64-pc-mingw32
checking for a sed that does not truncate output... /bin/sed
checking for ld used by x86_64-pc-mingw32-gcc... c:/opt/mingw64/bin/../lib/gcc/x86_64-pc-mingw32/4.4.0/../../../../x86_64-pc-mingw32/bin/ld.exe
checking if the linker (c:/opt/mingw64/bin/../lib/gcc/x86_64-pc-mingw32/4.4.0/../../../../x86_64-pc-mingw32/bin/ld.exe) is GNU ld... yes
checking for c:/opt/mingw64/bin/../lib/gcc/x86_64-pc-mingw32/4.4.0/../../../../x86_64-pc-mingw32/bin/ld.exe option to reload object files... -r
checking for BSD-compatible nm... /opt/mingw64/bin/x86_64-pc-mingw32-nm
checking whether ln -s works... no, using cp -p
checking how to recognize dependent libraries... file_magic file format pei*-(.*architecture: i386)?
checking for x86_64-pc-mingw32-dlltool... x86_64-pc-mingw32-dlltool
checking for x86_64-pc-mingw32-as... x86_64-pc-mingw32-as
checking for x86_64-pc-mingw32-objdump... x86_64-pc-mingw32-objdump
checking for sys/types.h... yes
checking for sys/stat.h... yes
checking for stdlib.h... yes
checking for string.h... yes
checking for memory.h... yes
checking for strings.h... yes
checking for inttypes.h... yes
checking for stdint.h... yes
checking for unistd.h... yes
checking dlfcn.h usability... yes
checking dlfcn.h presence... yes
checking for dlfcn.h... yes
checking the maximum length of command line arguments... 8192
checking command to parse /opt/mingw64/bin/x86_64-pc-mingw32-nm output from x86_64-pc-mingw32-gcc object... ok
checking for objdir... .libs
checking for x86_64-pc-mingw32-ar... x86_64-pc-mingw32-ar
checking for x86_64-pc-mingw32-ranlib... x86_64-pc-mingw32-ranlib
checking for x86_64-pc-mingw32-strip... (cached) x86_64-pc-mingw32-strip
checking if x86_64-pc-mingw32-gcc supports -fno-rtti -fno-exceptions... no
checking for x86_64-pc-mingw32-gcc option to produce PIC... -DDLL_EXPORT
checking if x86_64-pc-mingw32-gcc PIC flag -DDLL_EXPORT works... yes
checking if x86_64-pc-mingw32-gcc static flag -static works... yes
checking if x86_64-pc-mingw32-gcc supports -c -o file.o... yes
checking whether the x86_64-pc-mingw32-gcc linker (c:/opt/mingw64/bin/../lib/gcc/x86_64-pc-mingw32/4.4.0/../../../../x86_64-pc-mingw32/bin/ld.exe) supports shared libraries... yes
checking whether -lc should be explicitly linked in... yes
checking dynamic linker characteristics... Win32 ld.exe
checking how to hardcode library paths into programs... immediate
checking whether stripping libraries is possible... yes
checking if libtool supports shared libraries... yes
checking whether to build shared libraries... yes
checking whether to build static libraries... no
configure: creating libtool
checking for pkg-config... /opt/local/bin/pkg-config.sh
checking for GTK+ - version >= 2.5.0... cross compiling; assumed OK... 
yes (version 2.14.7)
checking for gtk_plug_get_type... yes
checking pkg-config is at least version 0.9.0... yes
checking for LIBGLADE... yes
checking for native Win32... yes
checking for Win32 platform in general... yes
checking how to get MSVC-compatible struct packing... -mms-bitfields
checking whether to build gtk-doc documentation... no
checking for gtkdoc-check... no
checking locale.h usability... yes
checking locale.h presence... yes
checking for locale.h... yes
checking for LC_MESSAGES... no
checking libintl.h usability... yes
checking libintl.h presence... yes
checking for libintl.h... yes
checking for ngettext in libc... no
checking for bindtextdomain in -lintl... yes
checking for ngettext in -lintl... yes
checking for dgettext in -lintl... yes
checking for bind_textdomain_codeset... yes
checking for msgfmt... /opt/gnu/bin/msgfmt
checking for dcgettext... yes
checking if msgfmt accepts -c... yes
checking for gmsgfmt... /opt/gnu/bin/msgfmt
checking for xgettext... /opt/gnu/bin/xgettext
./configure: line 12713: ./po/POTFILES.in: No such file or directory
checking for a Python interpreter with version >= 2.0... none
checking for XML catalog (/etc/xml/catalog)... not found
checking for xmlcatalog... /opt/misc/bin/xmlcatalog
configure: creating ./config.status
config.status: creating Makefile
config.status: creating libglade.spec
config.status: creating libglade-zip
config.status: creating glade/Makefile
config.status: creating doc/Makefile
config.status: creating doc/version.xml
config.status: creating tests/Makefile
config.status: creating libglade-2.0.pc
config.status: creating libglade-2.0-uninstalled.pc
config.status: creating libglade-convert
config.status: creating config.h
config.status: executing depfiles commands
config.status: executing default-1 commands
*****************************************************
  A usable version of python was not found, so the
  libglade-convert program was not installed.  This
  script requires Python >= 2.0 with expat support.

  Some packages require libglade-convert to build
  correctly.  If you wish to build one of these
  packages, you must install expat and python,
  and then rebuild libglade.
*****************************************************

++ libtoolcacheize
libtool-cache set up successfully
++ make install
Making install in glade
make[1]: Entering directory `/devel/src/gnome/libglade/2.6.3-1_win64/glade'
/bin/sh ../libtool --tag=CC   --mode=compile x86_64-pc-mingw32-gcc -DHAVE_CONFIG_H -I. -I.. -DG_LOG_DOMAIN=\"libglade\" -I.. -mms-bitfields -Ic:/devel/dist/win64/gtk+-2.14.7-1/include/gtk-2.0 -Ic:/devel/dist/win64/gtk+-2.14.7-1/lib/gtk-2.0/include -Ic:/devel/dist/win64/pango-1.22.4-1/include/pango-1.0 -Ic:/devel/dist/win64/cairo-1.8.6-1/include/cairo -Ic:/devel/dist/win64/libpng-1.2.34-1/include/libpng12 -Ic:/devel/dist/win64/atk-1.24.0-1/include/atk-1.0 -Ic:/devel/dist/win64/glib-2.18.4-1/include/glib-2.0 -Ic:/devel/dist/win64/glib-2.18.4-1/lib/glib-2.0/include -Ic:/devel/dist/win64/libxml2-2.6.32-1/include/libxml2   -DGLADE_LIBDIR=\""c:/devel/target/aaa7e17cc06d35f4b9deab283149826a/lib"\" -DGLADE_PREFIX=\""c:/devel/target/aaa7e17cc06d35f4b9deab283149826a"\" -DG_DISABLE_DEPRECATED -DGDK_DISABLE_DEPRECATED -DGDK_PIXBUF_DISABLE_DEPRECATED -DGNOME_DISABLE_DEPRECATED  -I/devel/dist/win64/proxy-libintl-20080918/include -I/devel/dist/win64//include  -O2 -mms-bitfields -Wall -std=c9x -MT glade-init.lo -MD -MP -MF .deps/glade-init.Tpo -c -o glade-init.lo glade-init.c
libtool-cache: not cached, running libtool...
libtool-cache: libtool output:  x86_64-pc-mingw32-gcc -DHAVE_CONFIG_H -I. -I.. -DG_LOG_DOMAIN=\"libglade\" -I.. -mms-bitfields -Ic:/devel/dist/win64/gtk+-2.14.7-1/include/gtk-2.0 -Ic:/devel/dist/win64/gtk+-2.14.7-1/lib/gtk-2.0/include -Ic:/devel/dist/win64/pango-1.22.4-1/include/pango-1.0 -Ic:/devel/dist/win64/cairo-1.8.6-1/include/cairo -Ic:/devel/dist/win64/libpng-1.2.34-1/include/libpng12 -Ic:/devel/dist/win64/atk-1.24.0-1/include/atk-1.0 -Ic:/devel/dist/win64/glib-2.18.4-1/include/glib-2.0 -Ic:/devel/dist/win64/glib-2.18.4-1/lib/glib-2.0/include -Ic:/devel/dist/win64/libxml2-2.6.32-1/include/libxml2 -DGLADE_LIBDIR=\"c:/devel/target/aaa7e17cc06d35f4b9deab283149826a/lib\" -DGLADE_PREFIX=\"c:/devel/target/aaa7e17cc06d35f4b9deab283149826a\" -DG_DISABLE_DEPRECATED -DGDK_DISABLE_DEPRECATED -DGDK_PIXBUF_DISABLE_DEPRECATED -DGNOME_DISABLE_DEPRECATED -I/devel/dist/win64/proxy-libintl-20080918/include -I/devel/dist/win64//include -O2 -mms-bitfields -Wall -std=c9x -MT glade-init.lo -MD -MP -MF .deps/glade-init.Tpo -c glade-init.c  -DDLL_EXPORT -DPIC -o .libs/glade-init.o
glade-init.c: In function 'get_libdir':
glade-init.c:85: warning: dereferencing type-punned pointer will break strict-aliasing rules
glade-init.c:87: warning: dereferencing type-punned pointer will break strict-aliasing rules
glade-init.c:117: warning: dereferencing type-punned pointer will break strict-aliasing rules
mv -f .deps/glade-init.Tpo .deps/glade-init.Plo
/bin/sh ../libtool --tag=CC   --mode=compile x86_64-pc-mingw32-gcc -DHAVE_CONFIG_H -I. -I.. -DG_LOG_DOMAIN=\"libglade\" -I.. -mms-bitfields -Ic:/devel/dist/win64/gtk+-2.14.7-1/include/gtk-2.0 -Ic:/devel/dist/win64/gtk+-2.14.7-1/lib/gtk-2.0/include -Ic:/devel/dist/win64/pango-1.22.4-1/include/pango-1.0 -Ic:/devel/dist/win64/cairo-1.8.6-1/include/cairo -Ic:/devel/dist/win64/libpng-1.2.34-1/include/libpng12 -Ic:/devel/dist/win64/atk-1.24.0-1/include/atk-1.0 -Ic:/devel/dist/win64/glib-2.18.4-1/include/glib-2.0 -Ic:/devel/dist/win64/glib-2.18.4-1/lib/glib-2.0/include -Ic:/devel/dist/win64/libxml2-2.6.32-1/include/libxml2   -DGLADE_LIBDIR=\""c:/devel/target/aaa7e17cc06d35f4b9deab283149826a/lib"\" -DGLADE_PREFIX=\""c:/devel/target/aaa7e17cc06d35f4b9deab283149826a"\" -DG_DISABLE_DEPRECATED -DGDK_DISABLE_DEPRECATED -DGDK_PIXBUF_DISABLE_DEPRECATED -DGNOME_DISABLE_DEPRECATED  -I/devel/dist/win64/proxy-libintl-20080918/include -I/devel/dist/win64//include  -O2 -mms-bitfields -Wall -std=c9x -MT glade-xml.lo -MD -MP -MF .deps/glade-xml.Tpo -c -o glade-xml.lo glade-xml.c
libtool-cache: executing cached command:  x86_64-pc-mingw32-gcc -DHAVE_CONFIG_H -I. -I.. -DG_LOG_DOMAIN=\"libglade\" -I.. -mms-bitfields -Ic:/devel/dist/win64/gtk+-2.14.7-1/include/gtk-2.0 -Ic:/devel/dist/win64/gtk+-2.14.7-1/lib/gtk-2.0/include -Ic:/devel/dist/win64/pango-1.22.4-1/include/pango-1.0 -Ic:/devel/dist/win64/cairo-1.8.6-1/include/cairo -Ic:/devel/dist/win64/libpng-1.2.34-1/include/libpng12 -Ic:/devel/dist/win64/atk-1.24.0-1/include/atk-1.0 -Ic:/devel/dist/win64/glib-2.18.4-1/include/glib-2.0 -Ic:/devel/dist/win64/glib-2.18.4-1/lib/glib-2.0/include -Ic:/devel/dist/win64/libxml2-2.6.32-1/include/libxml2 -DGLADE_LIBDIR=\"c:/devel/target/aaa7e17cc06d35f4b9deab283149826a/lib\" -DGLADE_PREFIX=\"c:/devel/target/aaa7e17cc06d35f4b9deab283149826a\" -DG_DISABLE_DEPRECATED -DGDK_DISABLE_DEPRECATED -DGDK_PIXBUF_DISABLE_DEPRECATED -DGNOME_DISABLE_DEPRECATED -I/devel/dist/win64/proxy-libintl-20080918/include -I/devel/dist/win64//include -O2 -mms-bitfields -Wall -std=c9x -MT glade-xml.lo -MD -MP -MF .deps/glade-xml.Tpo -c glade-xml.c  -DDLL_EXPORT -DPIC -o .libs/glade-xml.o&&echo -e "# Generated by libtool cache\npic_object='.libs/glade-xml.o'\nnon_pic_object=none\n" > glade-xml.lo

mv -f .deps/glade-xml.Tpo .deps/glade-xml.Plo
/bin/sh ../libtool --tag=CC   --mode=compile x86_64-pc-mingw32-gcc -DHAVE_CONFIG_H -I. -I.. -DG_LOG_DOMAIN=\"libglade\" -I.. -mms-bitfields -Ic:/devel/dist/win64/gtk+-2.14.7-1/include/gtk-2.0 -Ic:/devel/dist/win64/gtk+-2.14.7-1/lib/gtk-2.0/include -Ic:/devel/dist/win64/pango-1.22.4-1/include/pango-1.0 -Ic:/devel/dist/win64/cairo-1.8.6-1/include/cairo -Ic:/devel/dist/win64/libpng-1.2.34-1/include/libpng12 -Ic:/devel/dist/win64/atk-1.24.0-1/include/atk-1.0 -Ic:/devel/dist/win64/glib-2.18.4-1/include/glib-2.0 -Ic:/devel/dist/win64/glib-2.18.4-1/lib/glib-2.0/include -Ic:/devel/dist/win64/libxml2-2.6.32-1/include/libxml2   -DGLADE_LIBDIR=\""c:/devel/target/aaa7e17cc06d35f4b9deab283149826a/lib"\" -DGLADE_PREFIX=\""c:/devel/target/aaa7e17cc06d35f4b9deab283149826a"\" -DG_DISABLE_DEPRECATED -DGDK_DISABLE_DEPRECATED -DGDK_PIXBUF_DISABLE_DEPRECATED -DGNOME_DISABLE_DEPRECATED  -I/devel/dist/win64/proxy-libintl-20080918/include -I/devel/dist/win64//include  -O2 -mms-bitfields -Wall -std=c9x -MT glade-parser.lo -MD -MP -MF .deps/glade-parser.Tpo -c -o glade-parser.lo glade-parser.c
libtool-cache: executing cached command:  x86_64-pc-mingw32-gcc -DHAVE_CONFIG_H -I. -I.. -DG_LOG_DOMAIN=\"libglade\" -I.. -mms-bitfields -Ic:/devel/dist/win64/gtk+-2.14.7-1/include/gtk-2.0 -Ic:/devel/dist/win64/gtk+-2.14.7-1/lib/gtk-2.0/include -Ic:/devel/dist/win64/pango-1.22.4-1/include/pango-1.0 -Ic:/devel/dist/win64/cairo-1.8.6-1/include/cairo -Ic:/devel/dist/win64/libpng-1.2.34-1/include/libpng12 -Ic:/devel/dist/win64/atk-1.24.0-1/include/atk-1.0 -Ic:/devel/dist/win64/glib-2.18.4-1/include/glib-2.0 -Ic:/devel/dist/win64/glib-2.18.4-1/lib/glib-2.0/include -Ic:/devel/dist/win64/libxml2-2.6.32-1/include/libxml2 -DGLADE_LIBDIR=\"c:/devel/target/aaa7e17cc06d35f4b9deab283149826a/lib\" -DGLADE_PREFIX=\"c:/devel/target/aaa7e17cc06d35f4b9deab283149826a\" -DG_DISABLE_DEPRECATED -DGDK_DISABLE_DEPRECATED -DGDK_PIXBUF_DISABLE_DEPRECATED -DGNOME_DISABLE_DEPRECATED -I/devel/dist/win64/proxy-libintl-20080918/include -I/devel/dist/win64//include -O2 -mms-bitfields -Wall -std=c9x -MT glade-parser.lo -MD -MP -MF .deps/glade-parser.Tpo -c glade-parser.c  -DDLL_EXPORT -DPIC -o .libs/glade-parser.o&&echo -e "# Generated by libtool cache\npic_object='.libs/glade-parser.o'\nnon_pic_object=none\n" > glade-parser.lo

glade-parser.c: In function 'create_widget_info':
glade-parser.c:162: warning: pointer targets in passing argument 1 of 'strcmp' differ in signedness
c:/opt/mingw64/lib/gcc/../../x86_64-pc-mingw32/include/string.h:47: note: expected 'const char *' but argument is of type 'const xmlChar *'
glade-parser.c:163: warning: pointer targets in passing argument 2 of 'alloc_string' differ in signedness
glade-parser.c:124: note: expected 'const gchar *' but argument is of type 'const xmlChar *'
glade-parser.c:164: warning: pointer targets in passing argument 1 of 'strcmp' differ in signedness
c:/opt/mingw64/lib/gcc/../../x86_64-pc-mingw32/include/string.h:47: note: expected 'const char *' but argument is of type 'const xmlChar *'
glade-parser.c:165: warning: pointer targets in passing argument 2 of 'alloc_string' differ in signedness
glade-parser.c:124: note: expected 'const gchar *' but argument is of type 'const xmlChar *'
glade-parser.c: In function 'handle_atk_action':
glade-parser.c:270: warning: pointer targets in passing argument 1 of 'strcmp' differ in signedness
c:/opt/mingw64/lib/gcc/../../x86_64-pc-mingw32/include/string.h:47: note: expected 'const char *' but argument is of type 'const xmlChar *'
glade-parser.c:271: warning: pointer targets in passing argument 2 of 'alloc_string' differ in signedness
glade-parser.c:124: note: expected 'const gchar *' but argument is of type 'const xmlChar *'
glade-parser.c:272: warning: pointer targets in passing argument 1 of 'strcmp' differ in signedness
c:/opt/mingw64/lib/gcc/../../x86_64-pc-mingw32/include/string.h:47: note: expected 'const char *' but argument is of type 'const xmlChar *'
glade-parser.c:274: warning: pointer targets in passing argument 2 of 'dgettext' differ in signedness
c:/devel/dist/win64/proxy-libintl-20080918/include/libintl.h:35: note: expected 'const char *' but argument is of type 'const xmlChar *'
glade-parser.c: In function 'handle_atk_relation':
glade-parser.c:297: warning: pointer targets in passing argument 1 of 'strcmp' differ in signedness
c:/opt/mingw64/lib/gcc/../../x86_64-pc-mingw32/include/string.h:47: note: expected 'const char *' but argument is of type 'const xmlChar *'
glade-parser.c:298: warning: pointer targets in passing argument 2 of 'alloc_string' differ in signedness
glade-parser.c:124: note: expected 'const gchar *' but argument is of type 'const xmlChar *'
glade-parser.c:299: warning: pointer targets in passing argument 1 of 'strcmp' differ in signedness
c:/opt/mingw64/lib/gcc/../../x86_64-pc-mingw32/include/string.h:47: note: expected 'const char *' but argument is of type 'const xmlChar *'
glade-parser.c:300: warning: pointer targets in passing argument 2 of 'alloc_string' differ in signedness
glade-parser.c:124: note: expected 'const gchar *' but argument is of type 'const xmlChar *'
glade-parser.c: In function 'handle_signal':
glade-parser.c:324: warning: pointer targets in passing argument 1 of 'strcmp' differ in signedness
c:/opt/mingw64/lib/gcc/../../x86_64-pc-mingw32/include/string.h:47: note: expected 'const char *' but argument is of type 'const xmlChar *'
glade-parser.c:325: warning: pointer targets in passing argument 2 of 'alloc_string' differ in signedness
glade-parser.c:124: note: expected 'const gchar *' but argument is of type 'const xmlChar *'
glade-parser.c:326: warning: pointer targets in passing argument 1 of 'strcmp' differ in signedness
c:/opt/mingw64/lib/gcc/../../x86_64-pc-mingw32/include/string.h:47: note: expected 'const char *' but argument is of type 'const xmlChar *'
glade-parser.c:327: warning: pointer targets in passing argument 2 of 'alloc_string' differ in signedness
glade-parser.c:124: note: expected 'const gchar *' but argument is of type 'const xmlChar *'
glade-parser.c:328: warning: pointer targets in passing argument 1 of 'strcmp' differ in signedness
c:/opt/mingw64/lib/gcc/../../x86_64-pc-mingw32/include/string.h:47: note: expected 'const char *' but argument is of type 'const xmlChar *'
glade-parser.c:330: warning: pointer targets in passing argument 1 of 'strcmp' differ in signedness
c:/opt/mingw64/lib/gcc/../../x86_64-pc-mingw32/include/string.h:47: note: expected 'const char *' but argument is of type 'const xmlChar *'
glade-parser.c:331: warning: pointer targets in passing argument 2 of 'alloc_string' differ in signedness
glade-parser.c:124: note: expected 'const gchar *' but argument is of type 'const xmlChar *'
glade-parser.c:332: warning: pointer targets in passing argument 1 of 'strcmp' differ in signedness
c:/opt/mingw64/lib/gcc/../../x86_64-pc-mingw32/include/string.h:47: note: expected 'const char *' but argument is of type 'const xmlChar *'
glade-parser.c: In function 'handle_accel':
glade-parser.c:359: warning: pointer targets in passing argument 1 of 'strcmp' differ in signedness
c:/opt/mingw64/lib/gcc/../../x86_64-pc-mingw32/include/string.h:47: note: expected 'const char *' but argument is of type 'const xmlChar *'
glade-parser.c:360: warning: pointer targets in passing argument 1 of 'gdk_keyval_from_name' differ in signedness
c:/devel/dist/win64/gtk+-2.14.7-1/include/gtk-2.0/gdk/gdkkeys.h:113: note: expected 'const gchar *' but argument is of type 'const xmlChar *'
glade-parser.c:361: warning: pointer targets in passing argument 1 of 'strcmp' differ in signedness
c:/opt/mingw64/lib/gcc/../../x86_64-pc-mingw32/include/string.h:47: note: expected 'const char *' but argument is of type 'const xmlChar *'
glade-parser.c:366: warning: pointer targets in passing argument 1 of 'strncmp' differ in signedness
c:/opt/mingw64/lib/gcc/../../x86_64-pc-mingw32/include/string.h:72: note: expected 'const char *' but argument is of type 'const xmlChar *'
glade-parser.c:368: warning: pointer targets in passing argument 1 of 'strncmp' differ in signedness
c:/opt/mingw64/lib/gcc/../../x86_64-pc-mingw32/include/string.h:72: note: expected 'const char *' but argument is of type 'const xmlChar *'
glade-parser.c:371: warning: pointer targets in passing argument 1 of 'strncmp' differ in signedness
c:/opt/mingw64/lib/gcc/../../x86_64-pc-mingw32/include/string.h:72: note: expected 'const char *' but argument is of type 'const xmlChar *'
glade-parser.c:374: warning: pointer targets in passing argument 1 of 'strncmp' differ in signedness
c:/opt/mingw64/lib/gcc/../../x86_64-pc-mingw32/include/string.h:72: note: expected 'const char *' but argument is of type 'const xmlChar *'
glade-parser.c:377: warning: pointer targets in passing argument 1 of 'strncmp' differ in signedness
c:/opt/mingw64/lib/gcc/../../x86_64-pc-mingw32/include/string.h:72: note: expected 'const char *' but argument is of type 'const xmlChar *'
glade-parser.c:378: warning: pointer targets in passing argument 1 of 'strncmp' differ in signedness
c:/opt/mingw64/lib/gcc/../../x86_64-pc-mingw32/include/string.h:72: note: expected 'const char *' but argument is of type 'const xmlChar *'
glade-parser.c:392: warning: pointer targets in passing argument 1 of 'strncmp' differ in signedness
c:/opt/mingw64/lib/gcc/../../x86_64-pc-mingw32/include/string.h:72: note: expected 'const char *' but argument is of type 'const xmlChar *'
glade-parser.c:393: warning: pointer targets in passing argument 1 of 'strncmp' differ in signedness
c:/opt/mingw64/lib/gcc/../../x86_64-pc-mingw32/include/string.h:72: note: expected 'const char *' but argument is of type 'const xmlChar *'
glade-parser.c:407: warning: pointer targets in passing argument 1 of 'strncmp' differ in signedness
c:/opt/mingw64/lib/gcc/../../x86_64-pc-mingw32/include/string.h:72: note: expected 'const char *' but argument is of type 'const xmlChar *'
glade-parser.c:414: warning: pointer targets in passing argument 1 of 'strcmp' differ in signedness
c:/opt/mingw64/lib/gcc/../../x86_64-pc-mingw32/include/string.h:47: note: expected 'const char *' but argument is of type 'const xmlChar *'
glade-parser.c:415: warning: pointer targets in passing argument 2 of 'alloc_string' differ in signedness
glade-parser.c:124: note: expected 'const gchar *' but argument is of type 'const xmlChar *'
glade-parser.c: In function 'handle_child':
glade-parser.c:452: warning: pointer targets in passing argument 1 of 'strcmp' differ in signedness
c:/opt/mingw64/lib/gcc/../../x86_64-pc-mingw32/include/string.h:47: note: expected 'const char *' but argument is of type 'const xmlChar *'
glade-parser.c:453: warning: pointer targets in passing argument 2 of 'alloc_string' differ in signedness
glade-parser.c:124: note: expected 'const gchar *' but argument is of type 'const xmlChar *'
glade-parser.c: In function 'glade_parser_start_element':
glade-parser.c:509: warning: pointer targets in passing argument 1 of 'strcmp' differ in signedness
c:/opt/mingw64/lib/gcc/../../x86_64-pc-mingw32/include/string.h:47: note: expected 'const char *' but argument is of type 'const xmlChar *'
glade-parser.c:530: warning: pointer targets in passing argument 1 of 'strcmp' differ in signedness
c:/opt/mingw64/lib/gcc/../../x86_64-pc-mingw32/include/string.h:47: note: expected 'const char *' but argument is of type 'const xmlChar *'
glade-parser.c:532: warning: pointer targets in passing argument 1 of 'strcmp' differ in signedness
c:/opt/mingw64/lib/gcc/../../x86_64-pc-mingw32/include/string.h:47: note: expected 'const char *' but argument is of type 'const xmlChar *'
glade-parser.c:540: warning: pointer targets in passing argument 2 of 'alloc_string' differ in signedness
glade-parser.c:124: note: expected 'const gchar *' but argument is of type 'const xmlChar *'
glade-parser.c:546: warning: pointer targets in passing argument 1 of 'strcmp' differ in signedness
c:/opt/mingw64/lib/gcc/../../x86_64-pc-mingw32/include/string.h:47: note: expected 'const char *' but argument is of type 'const xmlChar *'
glade-parser.c:578: warning: pointer targets in passing argument 1 of 'strcmp' differ in signedness
c:/opt/mingw64/lib/gcc/../../x86_64-pc-mingw32/include/string.h:47: note: expected 'const char *' but argument is of type 'const xmlChar *'
glade-parser.c:586: warning: pointer targets in passing argument 1 of 'strcmp' differ in signedness
c:/opt/mingw64/lib/gcc/../../x86_64-pc-mingw32/include/string.h:47: note: expected 'const char *' but argument is of type 'const xmlChar *'
glade-parser.c:588: warning: pointer targets in passing argument 2 of 'alloc_propname' differ in signedness
glade-parser.c:137: note: expected 'const gchar *' but argument is of type 'const xmlChar *'
glade-parser.c:589: warning: pointer targets in passing argument 1 of 'strcmp' differ in signedness
c:/opt/mingw64/lib/gcc/../../x86_64-pc-mingw32/include/string.h:47: note: expected 'const char *' but argument is of type 'const xmlChar *'
glade-parser.c:590: warning: pointer targets in passing argument 1 of 'strcmp' differ in signedness
c:/opt/mingw64/lib/gcc/../../x86_64-pc-mingw32/include/string.h:47: note: expected 'const char *' but argument is of type 'const xmlChar *'
glade-parser.c:591: warning: pointer targets in passing argument 1 of 'strcmp' differ in signedness
c:/opt/mingw64/lib/gcc/../../x86_64-pc-mingw32/include/string.h:47: note: expected 'const char *' but argument is of type 'const xmlChar *'
glade-parser.c:592: warning: pointer targets in passing argument 1 of 'strcmp' differ in signedness
c:/opt/mingw64/lib/gcc/../../x86_64-pc-mingw32/include/string.h:47: note: expected 'const char *' but argument is of type 'const xmlChar *'
glade-parser.c:593: warning: pointer targets in passing argument 1 of 'strcmp' differ in signedness
c:/opt/mingw64/lib/gcc/../../x86_64-pc-mingw32/include/string.h:47: note: expected 'const char *' but argument is of type 'const xmlChar *'
glade-parser.c:594: warning: pointer targets in passing argument 1 of 'strcmp' differ in signedness
c:/opt/mingw64/lib/gcc/../../x86_64-pc-mingw32/include/string.h:47: note: expected 'const char *' but argument is of type 'const xmlChar *'
glade-parser.c:595: warning: pointer targets in passing argument 1 of 'strcmp' differ in signedness
c:/opt/mingw64/lib/gcc/../../x86_64-pc-mingw32/include/string.h:47: note: expected 'const char *' but argument is of type 'const xmlChar *'
glade-parser.c:610: warning: pointer targets in passing argument 1 of 'strcmp' differ in signedness
c:/opt/mingw64/lib/gcc/../../x86_64-pc-mingw32/include/string.h:47: note: expected 'const char *' but argument is of type 'const xmlChar *'
glade-parser.c:616: warning: pointer targets in passing argument 1 of 'strcmp' differ in signedness
c:/opt/mingw64/lib/gcc/../../x86_64-pc-mingw32/include/string.h:47: note: expected 'const char *' but argument is of type 'const xmlChar *'
glade-parser.c:619: warning: pointer targets in passing argument 1 of 'strcmp' differ in signedness
c:/opt/mingw64/lib/gcc/../../x86_64-pc-mingw32/include/string.h:47: note: expected 'const char *' but argument is of type 'const xmlChar *'
glade-parser.c:622: warning: pointer targets in passing argument 1 of 'strcmp' differ in signedness
c:/opt/mingw64/lib/gcc/../../x86_64-pc-mingw32/include/string.h:47: note: expected 'const char *' but argument is of type 'const xmlChar *'
glade-parser.c:639: warning: pointer targets in passing argument 1 of 'strcmp' differ in signedness
c:/opt/mingw64/lib/gcc/../../x86_64-pc-mingw32/include/string.h:47: note: expected 'const char *' but argument is of type 'const xmlChar *'
glade-parser.c:646: warning: pointer targets in passing argument 1 of 'strcmp' differ in signedness
c:/opt/mingw64/lib/gcc/../../x86_64-pc-mingw32/include/string.h:47: note: expected 'const char *' but argument is of type 'const xmlChar *'
glade-parser.c:648: warning: pointer targets in passing argument 2 of 'alloc_propname' differ in signedness
glade-parser.c:137: note: expected 'const gchar *' but argument is of type 'const xmlChar *'
glade-parser.c:649: warning: pointer targets in passing argument 1 of 'strcmp' differ in signedness
c:/opt/mingw64/lib/gcc/../../x86_64-pc-mingw32/include/string.h:47: note: expected 'const char *' but argument is of type 'const xmlChar *'
glade-parser.c:650: warning: pointer targets in passing argument 1 of 'strcmp' differ in signedness
c:/opt/mingw64/lib/gcc/../../x86_64-pc-mingw32/include/string.h:47: note: expected 'const char *' but argument is of type 'const xmlChar *'
glade-parser.c:651: warning: pointer targets in passing argument 1 of 'strcmp' differ in signedness
c:/opt/mingw64/lib/gcc/../../x86_64-pc-mingw32/include/string.h:47: note: expected 'const char *' but argument is of type 'const xmlChar *'
glade-parser.c:652: warning: pointer targets in passing argument 1 of 'strcmp' differ in signedness
c:/opt/mingw64/lib/gcc/../../x86_64-pc-mingw32/include/string.h:47: note: expected 'const char *' but argument is of type 'const xmlChar *'
glade-parser.c:653: warning: pointer targets in passing argument 1 of 'strcmp' differ in signedness
c:/opt/mingw64/lib/gcc/../../x86_64-pc-mingw32/include/string.h:47: note: expected 'const char *' but argument is of type 'const xmlChar *'
glade-parser.c:660: warning: pointer targets in passing argument 1 of 'strcmp' differ in signedness
c:/opt/mingw64/lib/gcc/../../x86_64-pc-mingw32/include/string.h:47: note: expected 'const char *' but argument is of type 'const xmlChar *'
glade-parser.c:663: warning: pointer targets in passing argument 1 of 'strcmp' differ in signedness
c:/opt/mingw64/lib/gcc/../../x86_64-pc-mingw32/include/string.h:47: note: expected 'const char *' but argument is of type 'const xmlChar *'
glade-parser.c:674: warning: pointer targets in passing argument 1 of 'strcmp' differ in signedness
c:/opt/mingw64/lib/gcc/../../x86_64-pc-mingw32/include/string.h:47: note: expected 'const char *' but argument is of type 'const xmlChar *'
glade-parser.c:696: warning: pointer targets in passing argument 1 of 'strcmp' differ in signedness
c:/opt/mingw64/lib/gcc/../../x86_64-pc-mingw32/include/string.h:47: note: expected 'const char *' but argument is of type 'const xmlChar *'
glade-parser.c:699: warning: pointer targets in passing argument 1 of 'strcmp' differ in signedness
c:/opt/mingw64/lib/gcc/../../x86_64-pc-mingw32/include/string.h:47: note: expected 'const char *' but argument is of type 'const xmlChar *'
glade-parser.c:702: warning: pointer targets in passing argument 1 of 'strcmp' differ in signedness
c:/opt/mingw64/lib/gcc/../../x86_64-pc-mingw32/include/string.h:47: note: expected 'const char *' but argument is of type 'const xmlChar *'
glade-parser.c:719: warning: pointer targets in passing argument 1 of 'strcmp' differ in signedness
c:/opt/mingw64/lib/gcc/../../x86_64-pc-mingw32/include/string.h:47: note: expected 'const char *' but argument is of type 'const xmlChar *'
glade-parser.c:722: warning: pointer targets in passing argument 1 of 'strcmp' differ in signedness
c:/opt/mingw64/lib/gcc/../../x86_64-pc-mingw32/include/string.h:47: note: expected 'const char *' but argument is of type 'const xmlChar *'
glade-parser.c:739: warning: pointer targets in passing argument 1 of 'strcmp' differ in signedness
c:/opt/mingw64/lib/gcc/../../x86_64-pc-mingw32/include/string.h:47: note: expected 'const char *' but argument is of type 'const xmlChar *'
glade-parser.c:750: warning: pointer targets in passing argument 1 of 'strcmp' differ in signedness
c:/opt/mingw64/lib/gcc/../../x86_64-pc-mingw32/include/string.h:47: note: expected 'const char *' but argument is of type 'const xmlChar *'
glade-parser.c:769: warning: pointer targets in passing argument 1 of 'strcmp' differ in signedness
c:/opt/mingw64/lib/gcc/../../x86_64-pc-mingw32/include/string.h:47: note: expected 'const char *' but argument is of type 'const xmlChar *'
glade-parser.c:781: warning: pointer targets in passing argument 1 of 'strcmp' differ in signedness
c:/opt/mingw64/lib/gcc/../../x86_64-pc-mingw32/include/string.h:47: note: expected 'const char *' but argument is of type 'const xmlChar *'
glade-parser.c:791: warning: pointer targets in passing argument 1 of 'strcmp' differ in signedness
c:/opt/mingw64/lib/gcc/../../x86_64-pc-mingw32/include/string.h:47: note: expected 'const char *' but argument is of type 'const xmlChar *'
glade-parser.c:799: warning: pointer targets in passing argument 1 of 'strcmp' differ in signedness
c:/opt/mingw64/lib/gcc/../../x86_64-pc-mingw32/include/string.h:47: note: expected 'const char *' but argument is of type 'const xmlChar *'
glade-parser.c:801: warning: pointer targets in passing argument 2 of 'alloc_propname' differ in signedness
glade-parser.c:137: note: expected 'const gchar *' but argument is of type 'const xmlChar *'
glade-parser.c:802: warning: pointer targets in passing argument 1 of 'strcmp' differ in signedness
c:/opt/mingw64/lib/gcc/../../x86_64-pc-mingw32/include/string.h:47: note: expected 'const char *' but argument is of type 'const xmlChar *'
glade-parser.c:803: warning: pointer targets in passing argument 1 of 'strcmp' differ in signedness
c:/opt/mingw64/lib/gcc/../../x86_64-pc-mingw32/include/string.h:47: note: expected 'const char *' but argument is of type 'const xmlChar *'
glade-parser.c:804: warning: pointer targets in passing argument 1 of 'strcmp' differ in signedness
c:/opt/mingw64/lib/gcc/../../x86_64-pc-mingw32/include/string.h:47: note: expected 'const char *' but argument is of type 'const xmlChar *'
glade-parser.c:805: warning: pointer targets in passing argument 1 of 'strcmp' differ in signedness
c:/opt/mingw64/lib/gcc/../../x86_64-pc-mingw32/include/string.h:47: note: expected 'const char *' but argument is of type 'const xmlChar *'
glade-parser.c:806: warning: pointer targets in passing argument 1 of 'strcmp' differ in signedness
c:/opt/mingw64/lib/gcc/../../x86_64-pc-mingw32/include/string.h:47: note: expected 'const char *' but argument is of type 'const xmlChar *'
glade-parser.c:807: warning: pointer targets in passing argument 1 of 'strcmp' differ in signedness
c:/opt/mingw64/lib/gcc/../../x86_64-pc-mingw32/include/string.h:47: note: expected 'const char *' but argument is of type 'const xmlChar *'
glade-parser.c:808: warning: pointer targets in passing argument 1 of 'strcmp' differ in signedness
c:/opt/mingw64/lib/gcc/../../x86_64-pc-mingw32/include/string.h:47: note: expected 'const char *' but argument is of type 'const xmlChar *'
glade-parser.c: In function 'glade_parser_end_element':
glade-parser.c:881: warning: pointer targets in passing argument 1 of 'strcmp' differ in signedness
c:/opt/mingw64/lib/gcc/../../x86_64-pc-mingw32/include/string.h:47: note: expected 'const char *' but argument is of type 'const xmlChar *'
glade-parser.c:887: warning: pointer targets in passing argument 1 of 'strcmp' differ in signedness
c:/opt/mingw64/lib/gcc/../../x86_64-pc-mingw32/include/string.h:47: note: expected 'const char *' but argument is of type 'const xmlChar *'
glade-parser.c:895: warning: pointer targets in passing argument 1 of 'strcmp' differ in signedness
c:/opt/mingw64/lib/gcc/../../x86_64-pc-mingw32/include/string.h:47: note: expected 'const char *' but argument is of type 'const xmlChar *'
glade-parser.c:911: warning: pointer targets in passing argument 1 of 'strcmp' differ in signedness
c:/opt/mingw64/lib/gcc/../../x86_64-pc-mingw32/include/string.h:47: note: expected 'const char *' but argument is of type 'const xmlChar *'
glade-parser.c:932: warning: pointer targets in passing argument 1 of 'strcmp' differ in signedness
c:/opt/mingw64/lib/gcc/../../x86_64-pc-mingw32/include/string.h:47: note: expected 'const char *' but argument is of type 'const xmlChar *'
glade-parser.c:938: warning: pointer targets in passing argument 1 of 'strcmp' differ in signedness
c:/opt/mingw64/lib/gcc/../../x86_64-pc-mingw32/include/string.h:47: note: expected 'const char *' but argument is of type 'const xmlChar *'
glade-parser.c:959: warning: pointer targets in passing argument 1 of 'strcmp' differ in signedness
c:/opt/mingw64/lib/gcc/../../x86_64-pc-mingw32/include/string.h:47: note: expected 'const char *' but argument is of type 'const xmlChar *'
glade-parser.c:965: warning: pointer targets in passing argument 1 of 'strcmp' differ in signedness
c:/opt/mingw64/lib/gcc/../../x86_64-pc-mingw32/include/string.h:47: note: expected 'const char *' but argument is of type 'const xmlChar *'
glade-parser.c:971: warning: pointer targets in passing argument 1 of 'strcmp' differ in signedness
c:/opt/mingw64/lib/gcc/../../x86_64-pc-mingw32/include/string.h:47: note: expected 'const char *' but argument is of type 'const xmlChar *'
glade-parser.c:976: warning: pointer targets in passing argument 1 of 'strcmp' differ in signedness
c:/opt/mingw64/lib/gcc/../../x86_64-pc-mingw32/include/string.h:47: note: expected 'const char *' but argument is of type 'const xmlChar *'
glade-parser.c:981: warning: pointer targets in passing argument 1 of 'strcmp' differ in signedness
c:/opt/mingw64/lib/gcc/../../x86_64-pc-mingw32/include/string.h:47: note: expected 'const char *' but argument is of type 'const xmlChar *'
glade-parser.c:994: warning: pointer targets in passing argument 1 of 'strcmp' differ in signedness
c:/opt/mingw64/lib/gcc/../../x86_64-pc-mingw32/include/string.h:47: note: expected 'const char *' but argument is of type 'const xmlChar *'
glade-parser.c:999: warning: pointer targets in passing argument 1 of 'strcmp' differ in signedness
c:/opt/mingw64/lib/gcc/../../x86_64-pc-mingw32/include/string.h:47: note: expected 'const char *' but argument is of type 'const xmlChar *'
glade-parser.c:1005: warning: pointer targets in passing argument 1 of 'strcmp' differ in signedness
c:/opt/mingw64/lib/gcc/../../x86_64-pc-mingw32/include/string.h:47: note: expected 'const char *' but argument is of type 'const xmlChar *'
glade-parser.c:1026: warning: pointer targets in passing argument 1 of 'strcmp' differ in signedness
c:/opt/mingw64/lib/gcc/../../x86_64-pc-mingw32/include/string.h:47: note: expected 'const char *' but argument is of type 'const xmlChar *'
glade-parser.c:1031: warning: pointer targets in passing argument 1 of 'strcmp' differ in signedness
c:/opt/mingw64/lib/gcc/../../x86_64-pc-mingw32/include/string.h:47: note: expected 'const char *' but argument is of type 'const xmlChar *'
glade-parser.c:1036: warning: pointer targets in passing argument 1 of 'strcmp' differ in signedness
c:/opt/mingw64/lib/gcc/../../x86_64-pc-mingw32/include/string.h:47: note: expected 'const char *' but argument is of type 'const xmlChar *'
glade-parser.c: In function 'glade_parser_characters':
glade-parser.c:1058: warning: pointer targets in passing argument 2 of 'g_string_append_len' differ in signedness
c:/devel/dist/win64/glib-2.18.4-1/include/glib-2.0/glib/gstring.h:87: note: expected 'const gchar *' but argument is of type 'const xmlChar *'
glade-parser.c: In function 'dump_widget':
glade-parser.c:1288: warning: pointer targets in passing argument 2 of 'xmlNewNode' differ in signedness
c:/devel/dist/win64/libxml2-2.6.32-1/include/libxml2/libxml/tree.h:769: note: expected 'const xmlChar *' but argument is of type 'char *'
glade-parser.c:1291: warning: pointer targets in passing argument 2 of 'xmlSetProp' differ in signedness
c:/devel/dist/win64/libxml2-2.6.32-1/include/libxml2/libxml/tree.h:945: note: expected 'const xmlChar *' but argument is of type 'char *'
glade-parser.c:1291: warning: pointer targets in passing argument 3 of 'xmlSetProp' differ in signedness
c:/devel/dist/win64/libxml2-2.6.32-1/include/libxml2/libxml/tree.h:945: note: expected 'const xmlChar *' but argument is of type 'gchar *'
glade-parser.c:1292: warning: pointer targets in passing argument 2 of 'xmlSetProp' differ in signedness
c:/devel/dist/win64/libxml2-2.6.32-1/include/libxml2/libxml/tree.h:945: note: expected 'const xmlChar *' but argument is of type 'char *'
glade-parser.c:1292: warning: pointer targets in passing argument 3 of 'xmlSetProp' differ in signedness
c:/devel/dist/win64/libxml2-2.6.32-1/include/libxml2/libxml/tree.h:945: note: expected 'const xmlChar *' but argument is of type 'gchar *'
glade-parser.c:1294: warning: pointer targets in passing argument 2 of 'xmlNodeAddContent' differ in signedness
c:/devel/dist/win64/libxml2-2.6.32-1/include/libxml2/libxml/tree.h:998: note: expected 'const xmlChar *' but argument is of type 'char *'
glade-parser.c:1300: warning: pointer targets in passing argument 2 of 'xmlNodeAddContent' differ in signedness
c:/devel/dist/win64/libxml2-2.6.32-1/include/libxml2/libxml/tree.h:998: note: expected 'const xmlChar *' but argument is of type 'char *'
glade-parser.c:1301: warning: pointer targets in passing argument 2 of 'xmlNewNode' differ in signedness
c:/devel/dist/win64/libxml2-2.6.32-1/include/libxml2/libxml/tree.h:769: note: expected 'const xmlChar *' but argument is of type 'char *'
glade-parser.c:1302: warning: pointer targets in passing argument 2 of 'xmlSetProp' differ in signedness
c:/devel/dist/win64/libxml2-2.6.32-1/include/libxml2/libxml/tree.h:945: note: expected 'const xmlChar *' but argument is of type 'char *'
glade-parser.c:1302: warning: pointer targets in passing argument 3 of 'xmlSetProp' differ in signedness
c:/devel/dist/win64/libxml2-2.6.32-1/include/libxml2/libxml/tree.h:945: note: expected 'const xmlChar *' but argument is of type 'gchar *'
glade-parser.c:1303: warning: pointer targets in passing argument 2 of 'xmlNodeSetContent' differ in signedness
c:/devel/dist/win64/libxml2-2.6.32-1/include/libxml2/libxml/tree.h:989: note: expected 'const xmlChar *' but argument is of type 'gchar *'
glade-parser.c:1305: warning: pointer targets in passing argument 2 of 'xmlNodeAddContent' differ in signedness
c:/devel/dist/win64/libxml2-2.6.32-1/include/libxml2/libxml/tree.h:998: note: expected 'const xmlChar *' but argument is of type 'char *'
glade-parser.c:1312: warning: pointer targets in passing argument 2 of 'xmlNodeAddContent' differ in signedness
c:/devel/dist/win64/libxml2-2.6.32-1/include/libxml2/libxml/tree.h:998: note: expected 'const xmlChar *' but argument is of type 'char *'
glade-parser.c:1313: warning: pointer targets in passing argument 2 of 'xmlNewNode' differ in signedness
c:/devel/dist/win64/libxml2-2.6.32-1/include/libxml2/libxml/tree.h:769: note: expected 'const xmlChar *' but argument is of type 'char *'
glade-parser.c:1315: warning: pointer targets in passing argument 2 of 'xmlNodeAddContent' differ in signedness
c:/devel/dist/win64/libxml2-2.6.32-1/include/libxml2/libxml/tree.h:998: note: expected 'const xmlChar *' but argument is of type 'char *'
glade-parser.c:1316: warning: pointer targets in passing argument 2 of 'xmlNodeAddContent' differ in signedness
c:/devel/dist/win64/libxml2-2.6.32-1/include/libxml2/libxml/tree.h:998: note: expected 'const xmlChar *' but argument is of type 'char *'
glade-parser.c:1322: warning: pointer targets in passing argument 2 of 'xmlNodeAddContent' differ in signedness
c:/devel/dist/win64/libxml2-2.6.32-1/include/libxml2/libxml/tree.h:998: note: expected 'const xmlChar *' but argument is of type 'char *'
glade-parser.c:1323: warning: pointer targets in passing argument 2 of 'xmlNewNode' differ in signedness
c:/devel/dist/win64/libxml2-2.6.32-1/include/libxml2/libxml/tree.h:769: note: expected 'const xmlChar *' but argument is of type 'char *'
glade-parser.c:1324: warning: pointer targets in passing argument 2 of 'xmlSetProp' differ in signedness
c:/devel/dist/win64/libxml2-2.6.32-1/include/libxml2/libxml/tree.h:945: note: expected 'const xmlChar *' but argument is of type 'char *'
glade-parser.c:1324: warning: pointer targets in passing argument 3 of 'xmlSetProp' differ in signedness
c:/devel/dist/win64/libxml2-2.6.32-1/include/libxml2/libxml/tree.h:945: note: expected 'const xmlChar *' but argument is of type 'gchar *'
glade-parser.c:1325: warning: pointer targets in passing argument 2 of 'xmlNodeSetContent' differ in signedness
c:/devel/dist/win64/libxml2-2.6.32-1/include/libxml2/libxml/tree.h:989: note: expected 'const xmlChar *' but argument is of type 'gchar *'
glade-parser.c:1327: warning: pointer targets in passing argument 2 of 'xmlNodeAddContent' differ in signedness
c:/devel/dist/win64/libxml2-2.6.32-1/include/libxml2/libxml/tree.h:998: note: expected 'const xmlChar *' but argument is of type 'char *'
glade-parser.c:1330: warning: pointer targets in passing argument 2 of 'xmlNodeAddContent' differ in signedness
c:/devel/dist/win64/libxml2-2.6.32-1/include/libxml2/libxml/tree.h:998: note: expected 'const xmlChar *' but argument is of type 'char *'
glade-parser.c:1337: warning: pointer targets in passing argument 2 of 'xmlNodeAddContent' differ in signedness
c:/devel/dist/win64/libxml2-2.6.32-1/include/libxml2/libxml/tree.h:998: note: expected 'const xmlChar *' but argument is of type 'char *'
glade-parser.c:1339: warning: pointer targets in passing argument 2 of 'xmlNewNode' differ in signedness
c:/devel/dist/win64/libxml2-2.6.32-1/include/libxml2/libxml/tree.h:769: note: expected 'const xmlChar *' but argument is of type 'char *'
glade-parser.c:1340: warning: pointer targets in passing argument 2 of 'xmlSetProp' differ in signedness
c:/devel/dist/win64/libxml2-2.6.32-1/include/libxml2/libxml/tree.h:945: note: expected 'const xmlChar *' but argument is of type 'char *'
glade-parser.c:1340: warning: pointer targets in passing argument 3 of 'xmlSetProp' differ in signedness
c:/devel/dist/win64/libxml2-2.6.32-1/include/libxml2/libxml/tree.h:945: note: expected 'const xmlChar *' but argument is of type 'gchar *'
glade-parser.c:1341: warning: pointer targets in passing argument 2 of 'xmlSetProp' differ in signedness
c:/devel/dist/win64/libxml2-2.6.32-1/include/libxml2/libxml/tree.h:945: note: expected 'const xmlChar *' but argument is of type 'char *'
glade-parser.c:1341: warning: pointer targets in passing argument 3 of 'xmlSetProp' differ in signedness
c:/devel/dist/win64/libxml2-2.6.32-1/include/libxml2/libxml/tree.h:945: note: expected 'const xmlChar *' but argument is of type 'gchar *'
glade-parser.c:1343: warning: pointer targets in passing argument 2 of 'xmlSetProp' differ in signedness
c:/devel/dist/win64/libxml2-2.6.32-1/include/libxml2/libxml/tree.h:945: note: expected 'const xmlChar *' but argument is of type 'char *'
glade-parser.c:1343: warning: pointer targets in passing argument 3 of 'xmlSetProp' differ in signedness
c:/devel/dist/win64/libxml2-2.6.32-1/include/libxml2/libxml/tree.h:945: note: expected 'const xmlChar *' but argument is of type 'char *'
glade-parser.c:1345: warning: pointer targets in passing argument 2 of 'xmlSetProp' differ in signedness
c:/devel/dist/win64/libxml2-2.6.32-1/include/libxml2/libxml/tree.h:945: note: expected 'const xmlChar *' but argument is of type 'char *'
glade-parser.c:1345: warning: pointer targets in passing argument 3 of 'xmlSetProp' differ in signedness
c:/devel/dist/win64/libxml2-2.6.32-1/include/libxml2/libxml/tree.h:945: note: expected 'const xmlChar *' but argument is of type 'gchar *'
glade-parser.c:1347: warning: pointer targets in passing argument 2 of 'xmlNodeAddContent' differ in signedness
c:/devel/dist/win64/libxml2-2.6.32-1/include/libxml2/libxml/tree.h:998: note: expected 'const xmlChar *' but argument is of type 'char *'
glade-parser.c:1354: warning: pointer targets in passing argument 2 of 'xmlNodeAddContent' differ in signedness
c:/devel/dist/win64/libxml2-2.6.32-1/include/libxml2/libxml/tree.h:998: note: expected 'const xmlChar *' but argument is of type 'char *'
glade-parser.c:1356: warning: pointer targets in passing argument 2 of 'xmlNewNode' differ in signedness
c:/devel/dist/win64/libxml2-2.6.32-1/include/libxml2/libxml/tree.h:769: note: expected 'const xmlChar *' but argument is of type 'char *'
glade-parser.c:1357: warning: pointer targets in passing argument 2 of 'xmlSetProp' differ in signedness
c:/devel/dist/win64/libxml2-2.6.32-1/include/libxml2/libxml/tree.h:945: note: expected 'const xmlChar *' but argument is of type 'char *'
glade-parser.c:1357: warning: pointer targets in passing argument 3 of 'xmlSetProp' differ in signedness
c:/devel/dist/win64/libxml2-2.6.32-1/include/libxml2/libxml/tree.h:945: note: expected 'const xmlChar *' but argument is of type 'gchar *'
glade-parser.c:1358: warning: pointer targets in passing argument 2 of 'xmlSetProp' differ in signedness
c:/devel/dist/win64/libxml2-2.6.32-1/include/libxml2/libxml/tree.h:945: note: expected 'const xmlChar *' but argument is of type 'char *'
glade-parser.c:1358: warning: pointer targets in passing argument 3 of 'xmlSetProp' differ in signedness
c:/devel/dist/win64/libxml2-2.6.32-1/include/libxml2/libxml/tree.h:945: note: expected 'const xmlChar *' but argument is of type 'char *'
glade-parser.c:1359: warning: pointer targets in passing argument 2 of 'xmlSetProp' differ in signedness
c:/devel/dist/win64/libxml2-2.6.32-1/include/libxml2/libxml/tree.h:945: note: expected 'const xmlChar *' but argument is of type 'char *'
glade-parser.c:1359: warning: pointer targets in passing argument 3 of 'xmlSetProp' differ in signedness
c:/devel/dist/win64/libxml2-2.6.32-1/include/libxml2/libxml/tree.h:945: note: expected 'const xmlChar *' but argument is of type 'gchar *'
glade-parser.c:1361: warning: pointer targets in passing argument 2 of 'xmlNodeAddContent' differ in signedness
c:/devel/dist/win64/libxml2-2.6.32-1/include/libxml2/libxml/tree.h:998: note: expected 'const xmlChar *' but argument is of type 'char *'
glade-parser.c:1370: warning: pointer targets in passing argument 2 of 'xmlNodeAddContent' differ in signedness
c:/devel/dist/win64/libxml2-2.6.32-1/include/libxml2/libxml/tree.h:998: note: expected 'const xmlChar *' but argument is of type 'char *'
glade-parser.c:1372: warning: pointer targets in passing argument 2 of 'xmlNewNode' differ in signedness
c:/devel/dist/win64/libxml2-2.6.32-1/include/libxml2/libxml/tree.h:769: note: expected 'const xmlChar *' but argument is of type 'char *'
glade-parser.c:1374: warning: pointer targets in passing argument 2 of 'xmlSetProp' differ in signedness
c:/devel/dist/win64/libxml2-2.6.32-1/include/libxml2/libxml/tree.h:945: note: expected 'const xmlChar *' but argument is of type 'char *'
glade-parser.c:1374: warning: pointer targets in passing argument 3 of 'xmlSetProp' differ in signedness
c:/devel/dist/win64/libxml2-2.6.32-1/include/libxml2/libxml/tree.h:945: note: expected 'const xmlChar *' but argument is of type 'gchar *'
glade-parser.c:1376: warning: pointer targets in passing argument 2 of 'xmlNodeAddContent' differ in signedness
c:/devel/dist/win64/libxml2-2.6.32-1/include/libxml2/libxml/tree.h:998: note: expected 'const xmlChar *' but argument is of type 'char *'
glade-parser.c:1377: warning: pointer targets in passing argument 2 of 'xmlNodeAddContent' differ in signedness
c:/devel/dist/win64/libxml2-2.6.32-1/include/libxml2/libxml/tree.h:998: note: expected 'const xmlChar *' but argument is of type 'char *'
glade-parser.c:1383: warning: pointer targets in passing argument 2 of 'xmlNodeAddContent' differ in signedness
c:/devel/dist/win64/libxml2-2.6.32-1/include/libxml2/libxml/tree.h:998: note: expected 'const xmlChar *' but argument is of type 'char *'
glade-parser.c:1384: warning: pointer targets in passing argument 2 of 'xmlNewNode' differ in signedness
c:/devel/dist/win64/libxml2-2.6.32-1/include/libxml2/libxml/tree.h:769: note: expected 'const xmlChar *' but argument is of type 'char *'
glade-parser.c:1385: warning: pointer targets in passing argument 2 of 'xmlSetProp' differ in signedness
c:/devel/dist/win64/libxml2-2.6.32-1/include/libxml2/libxml/tree.h:945: note: expected 'const xmlChar *' but argument is of type 'char *'
glade-parser.c:1385: warning: pointer targets in passing argument 3 of 'xmlSetProp' differ in signedness
c:/devel/dist/win64/libxml2-2.6.32-1/include/libxml2/libxml/tree.h:945: note: expected 'const xmlChar *' but argument is of type 'gchar *'
glade-parser.c:1386: warning: pointer targets in passing argument 2 of 'xmlNodeSetContent' differ in signedness
c:/devel/dist/win64/libxml2-2.6.32-1/include/libxml2/libxml/tree.h:989: note: expected 'const xmlChar *' but argument is of type 'gchar *'
glade-parser.c:1388: warning: pointer targets in passing argument 2 of 'xmlNodeAddContent' differ in signedness
c:/devel/dist/win64/libxml2-2.6.32-1/include/libxml2/libxml/tree.h:998: note: expected 'const xmlChar *' but argument is of type 'char *'
glade-parser.c:1392: warning: pointer targets in passing argument 2 of 'xmlNodeAddContent' differ in signedness
c:/devel/dist/win64/libxml2-2.6.32-1/include/libxml2/libxml/tree.h:998: note: expected 'const xmlChar *' but argument is of type 'char *'
glade-parser.c:1394: warning: pointer targets in passing argument 2 of 'xmlNodeAddContent' differ in signedness
c:/devel/dist/win64/libxml2-2.6.32-1/include/libxml2/libxml/tree.h:998: note: expected 'const xmlChar *' but argument is of type 'char *'
glade-parser.c:1397: warning: pointer targets in passing argument 2 of 'xmlNodeAddContent' differ in signedness
c:/devel/dist/win64/libxml2-2.6.32-1/include/libxml2/libxml/tree.h:998: note: expected 'const xmlChar *' but argument is of type 'char *'
glade-parser.c:1401: warning: pointer targets in passing argument 2 of 'xmlNodeAddContent' differ in signedness
c:/devel/dist/win64/libxml2-2.6.32-1/include/libxml2/libxml/tree.h:998: note: expected 'const xmlChar *' but argument is of type 'char *'
glade-parser.c: In function 'glade_interface_dump':
glade-parser.c:1419: warning: pointer targets in passing argument 1 of 'xmlNewDoc' differ in signedness
c:/devel/dist/win64/libxml2-2.6.32-1/include/libxml2/libxml/tree.h:712: note: expected 'const xmlChar *' but argument is of type 'char *'
glade-parser.c:1422: warning: pointer targets in passing argument 2 of 'xmlCreateIntSubset' differ in signedness
c:/devel/dist/win64/libxml2-2.6.32-1/include/libxml2/libxml/tree.h:684: note: expected 'const xmlChar *' but argument is of type 'char *'
glade-parser.c:1422: warning: pointer targets in passing argument 4 of 'xmlCreateIntSubset' differ in signedness
c:/devel/dist/win64/libxml2-2.6.32-1/include/libxml2/libxml/tree.h:684: note: expected 'const xmlChar *' but argument is of type 'char *'
glade-parser.c:1423: warning: pointer targets in passing argument 2 of 'xmlNewNode' differ in signedness
c:/devel/dist/win64/libxml2-2.6.32-1/include/libxml2/libxml/tree.h:769: note: expected 'const xmlChar *' but argument is of type 'char *'
glade-parser.c:1426: warning: pointer targets in passing argument 2 of 'xmlNodeAddContent' differ in signedness
c:/devel/dist/win64/libxml2-2.6.32-1/include/libxml2/libxml/tree.h:998: note: expected 'const xmlChar *' but argument is of type 'char *'
glade-parser.c:1429: warning: pointer targets in passing argument 2 of 'xmlNewNode' differ in signedness
c:/devel/dist/win64/libxml2-2.6.32-1/include/libxml2/libxml/tree.h:769: note: expected 'const xmlChar *' but argument is of type 'char *'
glade-parser.c:1431: warning: pointer targets in passing argument 2 of 'xmlSetProp' differ in signedness
c:/devel/dist/win64/libxml2-2.6.32-1/include/libxml2/libxml/tree.h:945: note: expected 'const xmlChar *' but argument is of type 'char *'
glade-parser.c:1431: warning: pointer targets in passing argument 3 of 'xmlSetProp' differ in signedness
c:/devel/dist/win64/libxml2-2.6.32-1/include/libxml2/libxml/tree.h:945: note: expected 'const xmlChar *' but argument is of type 'gchar *'
glade-parser.c:1433: warning: pointer targets in passing argument 2 of 'xmlNodeAddContent' differ in signedness
c:/devel/dist/win64/libxml2-2.6.32-1/include/libxml2/libxml/tree.h:998: note: expected 'const xmlChar *' but argument is of type 'char *'
glade-parser.c:1435: warning: pointer targets in passing argument 2 of 'xmlNodeAddContent' differ in signedness
c:/devel/dist/win64/libxml2-2.6.32-1/include/libxml2/libxml/tree.h:998: note: expected 'const xmlChar *' but argument is of type 'char *'
glade-parser.c:1439: warning: pointer targets in passing argument 2 of 'xmlNodeAddContent' differ in signedness
c:/devel/dist/win64/libxml2-2.6.32-1/include/libxml2/libxml/tree.h:998: note: expected 'const xmlChar *' but argument is of type 'char *'
glade-parser.c:1441: warning: pointer targets in passing argument 2 of 'xmlNodeAddContent' differ in signedness
c:/devel/dist/win64/libxml2-2.6.32-1/include/libxml2/libxml/tree.h:998: note: expected 'const xmlChar *' but argument is of type 'char *'
mv -f .deps/glade-parser.Tpo .deps/glade-parser.Plo
/bin/sh ../libtool --tag=CC   --mode=compile x86_64-pc-mingw32-gcc -DHAVE_CONFIG_H -I. -I.. -DG_LOG_DOMAIN=\"libglade\" -I.. -mms-bitfields -Ic:/devel/dist/win64/gtk+-2.14.7-1/include/gtk-2.0 -Ic:/devel/dist/win64/gtk+-2.14.7-1/lib/gtk-2.0/include -Ic:/devel/dist/win64/pango-1.22.4-1/include/pango-1.0 -Ic:/devel/dist/win64/cairo-1.8.6-1/include/cairo -Ic:/devel/dist/win64/libpng-1.2.34-1/include/libpng12 -Ic:/devel/dist/win64/atk-1.24.0-1/include/atk-1.0 -Ic:/devel/dist/win64/glib-2.18.4-1/include/glib-2.0 -Ic:/devel/dist/win64/glib-2.18.4-1/lib/glib-2.0/include -Ic:/devel/dist/win64/libxml2-2.6.32-1/include/libxml2   -DGLADE_LIBDIR=\""c:/devel/target/aaa7e17cc06d35f4b9deab283149826a/lib"\" -DGLADE_PREFIX=\""c:/devel/target/aaa7e17cc06d35f4b9deab283149826a"\" -DG_DISABLE_DEPRECATED -DGDK_DISABLE_DEPRECATED -DGDK_PIXBUF_DISABLE_DEPRECATED -DGNOME_DISABLE_DEPRECATED  -I/devel/dist/win64/proxy-libintl-20080918/include -I/devel/dist/win64//include  -O2 -mms-bitfields -Wall -std=c9x -MT glade-gtk.lo -MD -MP -MF .deps/glade-gtk.Tpo -c -o glade-gtk.lo glade-gtk.c
libtool-cache: executing cached command:  x86_64-pc-mingw32-gcc -DHAVE_CONFIG_H -I. -I.. -DG_LOG_DOMAIN=\"libglade\" -I.. -mms-bitfields -Ic:/devel/dist/win64/gtk+-2.14.7-1/include/gtk-2.0 -Ic:/devel/dist/win64/gtk+-2.14.7-1/lib/gtk-2.0/include -Ic:/devel/dist/win64/pango-1.22.4-1/include/pango-1.0 -Ic:/devel/dist/win64/cairo-1.8.6-1/include/cairo -Ic:/devel/dist/win64/libpng-1.2.34-1/include/libpng12 -Ic:/devel/dist/win64/atk-1.24.0-1/include/atk-1.0 -Ic:/devel/dist/win64/glib-2.18.4-1/include/glib-2.0 -Ic:/devel/dist/win64/glib-2.18.4-1/lib/glib-2.0/include -Ic:/devel/dist/win64/libxml2-2.6.32-1/include/libxml2 -DGLADE_LIBDIR=\"c:/devel/target/aaa7e17cc06d35f4b9deab283149826a/lib\" -DGLADE_PREFIX=\"c:/devel/target/aaa7e17cc06d35f4b9deab283149826a\" -DG_DISABLE_DEPRECATED -DGDK_DISABLE_DEPRECATED -DGDK_PIXBUF_DISABLE_DEPRECATED -DGNOME_DISABLE_DEPRECATED -I/devel/dist/win64/proxy-libintl-20080918/include -I/devel/dist/win64//include -O2 -mms-bitfields -Wall -std=c9x -MT glade-gtk.lo -MD -MP -MF .deps/glade-gtk.Tpo -c glade-gtk.c  -DDLL_EXPORT -DPIC -o .libs/glade-gtk.o&&echo -e "# Generated by libtool cache\npic_object='.libs/glade-gtk.o'\nnon_pic_object=none\n" > glade-gtk.lo

mv -f .deps/glade-gtk.Tpo .deps/glade-gtk.Plo
/bin/sh ../libtool --tag=CC   --mode=link x86_64-pc-mingw32-gcc  -O2 -mms-bitfields -Wall -std=c9x -version-info 0:7:0 -export-symbols glade.def -no-undefined -L/devel/dist/win64/proxy-libintl-20080918/lib -Wl,--exclude-libs=libintl.a -Wl,--enable-auto-image-base -o libglade-2.0.la -rpath c:/devel/target/aaa7e17cc06d35f4b9deab283149826a/lib glade-init.lo glade-xml.lo glade-parser.lo glade-gtk.lo -Lc:/devel/dist/win64/gtk+-2.14.7-1/lib -Lc:/devel/dist/win64/pango-1.22.4-1/lib -Lc:/devel/dist/win64/cairo-1.8.6-1/lib -Lc:/devel/dist/win64/atk-1.24.0-1/lib -Lc:/devel/dist/win64/glib-2.18.4-1/lib -Lc:/devel/dist/win64/libxml2-2.6.32-1/lib -lxml2 -lgtk-win32-2.0 -lgdk-win32-2.0 -latk-1.0 -lgio-2.0 -lgdk_pixbuf-2.0 -lpangowin32-1.0 -lgdi32 -lpangocairo-1.0 -lpango-1.0 -lcairo -lgobject-2.0 -lgmodule-2.0 -lglib-2.0 -lintl   
libtool-cache: not cached, running libtool...
libtool-cache: libtool output: if test "x`/bin/sed 1q glade.def`" = xEXPORTS; then cp glade.def .libs/libglade-2.0-0.dll.def; else echo EXPORTS > .libs/libglade-2.0-0.dll.def; cat glade.def >> .libs/libglade-2.0-0.dll.def; fi
libtool-cache: libtool output:  x86_64-pc-mingw32-gcc -shared .libs/libglade-2.0-0.dll.def  .libs/glade-init.o .libs/glade-xml.o .libs/glade-parser.o .libs/glade-gtk.o  -L/devel/dist/win64/proxy-libintl-20080918/lib -Lc:/devel/dist/win64/gtk+-2.14.7-1/lib -Lc:/devel/dist/win64/pango-1.22.4-1/lib -Lc:/devel/dist/win64/cairo-1.8.6-1/lib -Lc:/devel/dist/win64/atk-1.24.0-1/lib -Lc:/devel/dist/win64/glib-2.18.4-1/lib -Lc:/devel/dist/win64/libxml2-2.6.32-1/lib -lxml2 -lgtk-win32-2.0 -lgdk-win32-2.0 -latk-1.0 -lgio-2.0 -lgdk_pixbuf-2.0 -lpangowin32-1.0 -lgdi32 -lpangocairo-1.0 -lpango-1.0 -lcairo -lgobject-2.0 -lgmodule-2.0 -lglib-2.0 -lintl  -mms-bitfields -Wl,--exclude-libs=libintl.a -Wl,--enable-auto-image-base -o .libs/libglade-2.0-0.dll -Wl,--enable-auto-image-base -Xlinker --out-implib -Xlinker .libs/libglade-2.0.dll.a
libtool-cache: libtool output: creating libglade-2.0.la
libtool-cache: libtool output: (cd .libs && rm -f libglade-2.0.la && cp -p ../libglade-2.0.la libglade-2.0.la)
make[2]: Entering directory `/devel/src/gnome/libglade/2.6.3-1_win64/glade'
test -z "c:/devel/target/aaa7e17cc06d35f4b9deab283149826a/lib" || /bin/mkdir -p "c:/devel/target/aaa7e17cc06d35f4b9deab283149826a/lib"
 /bin/sh ../libtool   --mode=install /opt/local/bin/install -c  'libglade-2.0.la' 'c:/devel/target/aaa7e17cc06d35f4b9deab283149826a/lib/libglade-2.0.la'
libtool-cache: Unrecognized mode --mode=install - passing through to original libtool
/opt/local/bin/install -c .libs/libglade-2.0.dll.a c:/devel/target/aaa7e17cc06d35f4b9deab283149826a/lib/libglade-2.0.dll.a
base_file=`basename ${file}`
 dlpath=`/bin/sh 2>&1 -c '. .libs/'${base_file}'i;echo $dlname'`
 dldir=c:/devel/target/aaa7e17cc06d35f4b9deab283149826a/lib/`dirname $dlpath`
 test -d $dldir || mkdir -p $dldir
 /opt/local/bin/install -c .libs/libglade-2.0-0.dll $dldir/libglade-2.0-0.dll
 chmod a+x $dldir/libglade-2.0-0.dll
/opt/local/bin/install -c .libs/libglade-2.0.lai c:/devel/target/aaa7e17cc06d35f4b9deab283149826a/lib/libglade-2.0.la
----------------------------------------------------------------------
Libraries have been installed in:
   c:/devel/target/aaa7e17cc06d35f4b9deab283149826a/lib

If you ever happen to want to link against installed libraries
in a given directory, LIBDIR, you must either use libtool, and
specify the full pathname of the library, or use the `-LLIBDIR'
flag during linking and do at least one of the following:
   - add LIBDIR to the `PATH' environment variable
     during execution
   - add LIBDIR to the `LD_RUN_PATH' environment variable
     during linking
   - use the `-LLIBDIR' linker flag

See any operating system documentation about shared libraries for
more information, such as the ld(1) and ld.so(8) manual pages.
----------------------------------------------------------------------
/opt/local/bin/install -c .libs/libglade-2.0.dll.a c:/devel/target/aaa7e17cc06d35f4b9deab283149826a/lib
test -z "c:/devel/target/aaa7e17cc06d35f4b9deab283149826a/include/libglade-2.0/glade" || /bin/mkdir -p "c:/devel/target/aaa7e17cc06d35f4b9deab283149826a/include/libglade-2.0/glade"
 /opt/local/bin/install -c -m 644 'glade.h' 'c:/devel/target/aaa7e17cc06d35f4b9deab283149826a/include/libglade-2.0/glade/glade.h'
 /opt/local/bin/install -c -m 644 'glade-init.h' 'c:/devel/target/aaa7e17cc06d35f4b9deab283149826a/include/libglade-2.0/glade/glade-init.h'
 /opt/local/bin/install -c -m 644 'glade-xml.h' 'c:/devel/target/aaa7e17cc06d35f4b9deab283149826a/include/libglade-2.0/glade/glade-xml.h'
 /opt/local/bin/install -c -m 644 'glade-build.h' 'c:/devel/target/aaa7e17cc06d35f4b9deab283149826a/include/libglade-2.0/glade/glade-build.h'
 /opt/local/bin/install -c -m 644 'glade-parser.h' 'c:/devel/target/aaa7e17cc06d35f4b9deab283149826a/include/libglade-2.0/glade/glade-parser.h'
make[2]: Leaving directory `/devel/src/gnome/libglade/2.6.3-1_win64/glade'
make[1]: Leaving directory `/devel/src/gnome/libglade/2.6.3-1_win64/glade'
Making install in doc
make[1]: Entering directory `/devel/src/gnome/libglade/2.6.3-1_win64/doc'
make[2]: Entering directory `/devel/src/gnome/libglade/2.6.3-1_win64/doc'
make[2]: Nothing to be done for `install-exec-am'.
installfiles=`echo ./html/*`; \
	if test "$installfiles" = './html/*'; \
	then echo '-- Nothing to install' ; \
	else \
	  /bin/sh ../mkinstalldirs c:/devel/target/aaa7e17cc06d35f4b9deab283149826a/share/gtk-doc/html/libglade; \
	  for i in $installfiles; do \
	    echo '-- Installing '$i ; \
	    /opt/local/bin/install -c -m 644 $i c:/devel/target/aaa7e17cc06d35f4b9deab283149826a/share/gtk-doc/html/libglade; \
	  done; \
	  echo '-- Installing ./html/index.sgml' ; \
	  /opt/local/bin/install -c -m 644 ./html/index.sgml c:/devel/target/aaa7e17cc06d35f4b9deab283149826a/share/gtk-doc/html/libglade || :; \
	  which gtkdoc-rebase >/dev/null && \
	    gtkdoc-rebase --relative --dest-dir= --html-dir=c:/devel/target/aaa7e17cc06d35f4b9deab283149826a/share/gtk-doc/html/libglade ; \
	fi
mkdir -p -- c:/devel/target/aaa7e17cc06d35f4b9deab283149826a/share/gtk-doc/html/libglade
-- Installing ./html/GladeXML.html
-- Installing ./html/home.png
-- Installing ./html/index.html
-- Installing ./html/index.sgml
-- Installing ./html/left.png
-- Installing ./html/libglade-Libglade-Build.html
-- Installing ./html/libglade-Libglade-Initialisation.html
-- Installing ./html/libglade-Libglade-SAX-Parser.html
-- Installing ./html/libglade-dtd-exceptions.html
-- Installing ./html/libglade-dtd.html
-- Installing ./html/libglade-embedding.html
-- Installing ./html/libglade-extending.html
-- Installing ./html/libglade-i18n.html
-- Installing ./html/libglade-lib.html
-- Installing ./html/libglade-modules.html
-- Installing ./html/libglade-notes.html
-- Installing ./html/libglade.devhelp
-- Installing ./html/libglade.devhelp2
-- Installing ./html/right.png
-- Installing ./html/style.css
-- Installing ./html/up.png
-- Installing ./html/index.sgml
make[2]: [install-data-local] Error 1 (ignored)
make[2]: Leaving directory `/devel/src/gnome/libglade/2.6.3-1_win64/doc'
make[1]: Leaving directory `/devel/src/gnome/libglade/2.6.3-1_win64/doc'
Making install in tests
make[1]: Entering directory `/devel/src/gnome/libglade/2.6.3-1_win64/tests'
make[2]: Entering directory `/devel/src/gnome/libglade/2.6.3-1_win64/tests'
make[2]: Nothing to be done for `install-exec-am'.
make[2]: Nothing to be done for `install-data-am'.
make[2]: Leaving directory `/devel/src/gnome/libglade/2.6.3-1_win64/tests'
make[1]: Leaving directory `/devel/src/gnome/libglade/2.6.3-1_win64/tests'
make[1]: Entering directory `/devel/src/gnome/libglade/2.6.3-1_win64'
x86_64-pc-mingw32-gcc -DHAVE_CONFIG_H -I. -mms-bitfields -Ic:/devel/dist/win64/gtk+-2.14.7-1/include/gtk-2.0 -Ic:/devel/dist/win64/gtk+-2.14.7-1/lib/gtk-2.0/include -Ic:/devel/dist/win64/pango-1.22.4-1/include/pango-1.0 -Ic:/devel/dist/win64/cairo-1.8.6-1/include/cairo -Ic:/devel/dist/win64/libpng-1.2.34-1/include/libpng12 -Ic:/devel/dist/win64/atk-1.24.0-1/include/atk-1.0 -Ic:/devel/dist/win64/glib-2.18.4-1/include/glib-2.0 -Ic:/devel/dist/win64/glib-2.18.4-1/lib/glib-2.0/include -Ic:/devel/dist/win64/libxml2-2.6.32-1/include/libxml2    -I/devel/dist/win64/proxy-libintl-20080918/include -I/devel/dist/win64//include  -O2 -mms-bitfields -Wall -std=c9x -MT test-libglade.o -MD -MP -MF .deps/test-libglade.Tpo -c -o test-libglade.o test-libglade.c
mv -f .deps/test-libglade.Tpo .deps/test-libglade.Po
/bin/sh ./libtool --tag=CC   --mode=link x86_64-pc-mingw32-gcc  -O2 -mms-bitfields -Wall -std=c9x  -L/devel/dist/win64/proxy-libintl-20080918/lib -Wl,--exclude-libs=libintl.a -Wl,--enable-auto-image-base -o test-libglade.exe test-libglade.o glade/libglade-2.0.la -Lc:/devel/dist/win64/gtk+-2.14.7-1/lib -Lc:/devel/dist/win64/pango-1.22.4-1/lib -Lc:/devel/dist/win64/cairo-1.8.6-1/lib -Lc:/devel/dist/win64/atk-1.24.0-1/lib -Lc:/devel/dist/win64/glib-2.18.4-1/lib -Lc:/devel/dist/win64/libxml2-2.6.32-1/lib -lxml2 -lgtk-win32-2.0 -lgdk-win32-2.0 -latk-1.0 -lgio-2.0 -lgdk_pixbuf-2.0 -lpangowin32-1.0 -lgdi32 -lpangocairo-1.0 -lpango-1.0 -lcairo -lgobject-2.0 -lgmodule-2.0 -lglib-2.0 -lintl   
libtool-cache: not cached, running libtool...
libtool-cache: libtool output: x86_64-pc-mingw32-gcc -O2 -mms-bitfields -Wall -std=c9x -Wl,--exclude-libs=libintl.a -Wl,--enable-auto-image-base -o test-libglade.exe test-libglade.o  -L/devel/dist/win64/proxy-libintl-20080918/lib glade/.libs/libglade-2.0.dll.a -Lc:/devel/dist/win64/gtk+-2.14.7-1/lib -Lc:/devel/dist/win64/pango-1.22.4-1/lib -Lc:/devel/dist/win64/cairo-1.8.6-1/lib -Lc:/devel/dist/win64/atk-1.24.0-1/lib -Lc:/devel/dist/win64/glib-2.18.4-1/lib -Lc:/devel/dist/win64/libxml2-2.6.32-1/lib -lxml2 -lgtk-win32-2.0 -lgdk-win32-2.0 -latk-1.0 -lgio-2.0 -lgdk_pixbuf-2.0 -lpangowin32-1.0 -lgdi32 -lpangocairo-1.0 -lpango-1.0 -lcairo -lgobject-2.0 -lgmodule-2.0 -lglib-2.0 -lintl   -L/devel/src/gnome/libglade/2.6.3-1_win64/glade/.libs -Lc:/devel/target/aaa7e17cc06d35f4b9deab283149826a/lib
make[2]: Entering directory `/devel/src/gnome/libglade/2.6.3-1_win64'
test -z "c:/devel/target/aaa7e17cc06d35f4b9deab283149826a/bin" || /bin/mkdir -p "c:/devel/target/aaa7e17cc06d35f4b9deab283149826a/bin"
test -z "c:/devel/target/aaa7e17cc06d35f4b9deab283149826a/lib/pkgconfig" || /bin/mkdir -p "c:/devel/target/aaa7e17cc06d35f4b9deab283149826a/lib/pkgconfig"
 /opt/local/bin/install -c -m 644 'libglade-2.0.pc' 'c:/devel/target/aaa7e17cc06d35f4b9deab283149826a/lib/pkgconfig/libglade-2.0.pc'
test -z "c:/devel/target/aaa7e17cc06d35f4b9deab283149826a/share/xml/libglade" || /bin/mkdir -p "c:/devel/target/aaa7e17cc06d35f4b9deab283149826a/share/xml/libglade"
 /opt/local/bin/install -c -m 644 'glade-2.0.dtd' 'c:/devel/target/aaa7e17cc06d35f4b9deab283149826a/share/xml/libglade/glade-2.0.dtd'
make[2]: Leaving directory `/devel/src/gnome/libglade/2.6.3-1_win64'
make[1]: Leaving directory `/devel/src/gnome/libglade/2.6.3-1_win64'
++ ./libglade-zip
rm: cannot remove `/tmp/libglade-2.6.3.zip': No such file or directory
  adding: bin/libglade-2.0-0.dll (224 bytes security) (deflated 69%)
rm: cannot remove `/tmp/libglade-dev-2.6.3.zip': No such file or directory
  adding: lib/libglade-2.0.dll.a (224 bytes security) (deflated 92%)
  adding: lib/pkgconfig/libglade-2.0.pc (224 bytes security) (deflated 35%)
  adding: include/libglade-2.0/ (280 bytes security) (stored 0%)
  adding: include/libglade-2.0/glade/ (280 bytes security) (stored 0%)
  adding: include/libglade-2.0/glade/glade-build.h (224 bytes security) (deflated 62%)
  adding: include/libglade-2.0/glade/glade-init.h (224 bytes security) (deflated 45%)
  adding: include/libglade-2.0/glade/glade-parser.h (224 bytes security) (deflated 63%)
  adding: include/libglade-2.0/glade/glade-xml.h (224 bytes security) (deflated 66%)
  adding: include/libglade-2.0/glade/glade.h (224 bytes security) (deflated 44%)
  adding: share/xml/libglade/ (280 bytes security) (stored 0%)
  adding: share/xml/libglade/glade-2.0.dtd (224 bytes security) (deflated 63%)
  adding: share/gtk-doc/html/libglade/ (280 bytes security) (stored 0%)
  adding: share/gtk-doc/html/libglade/GladeXML.html (224 bytes security) (deflated 87%)
  adding: share/gtk-doc/html/libglade/home.png (224 bytes security) (stored 0%)
  adding: share/gtk-doc/html/libglade/index.html (224 bytes security) (deflated 66%)
  adding: share/gtk-doc/html/libglade/index.sgml (224 bytes security) (deflated 88%)
  adding: share/gtk-doc/html/libglade/left.png (224 bytes security) (stored 0%)
  adding: share/gtk-doc/html/libglade/libglade-dtd-exceptions.html (224 bytes security) (deflated 68%)
  adding: share/gtk-doc/html/libglade/libglade-dtd.html (224 bytes security) (deflated 67%)
  adding: share/gtk-doc/html/libglade/libglade-embedding.html (224 bytes security) (deflated 59%)
  adding: share/gtk-doc/html/libglade/libglade-extending.html (224 bytes security) (deflated 63%)
  adding: share/gtk-doc/html/libglade/libglade-i18n.html (224 bytes security) (deflated 59%)
  adding: share/gtk-doc/html/libglade/libglade-lib.html (224 bytes security) (deflated 65%)
  adding: share/gtk-doc/html/libglade/libglade-Libglade-Build.html (224 bytes security) (deflated 86%)
  adding: share/gtk-doc/html/libglade/libglade-Libglade-Initialisation.html (224 bytes security) (deflated 71%)
  adding: share/gtk-doc/html/libglade/libglade-Libglade-SAX-Parser.html (224 bytes security) (deflated 80%)
  adding: share/gtk-doc/html/libglade/libglade-modules.html (224 bytes security) (deflated 59%)
  adding: share/gtk-doc/html/libglade/libglade-notes.html (224 bytes security) (deflated 62%)
  adding: share/gtk-doc/html/libglade/libglade.devhelp (224 bytes security) (deflated 82%)
  adding: share/gtk-doc/html/libglade/libglade.devhelp2 (224 bytes security) (deflated 83%)
  adding: share/gtk-doc/html/libglade/right.png (224 bytes security) (stored 0%)
  adding: share/gtk-doc/html/libglade/style.css (224 bytes security) (deflated 67%)
  adding: share/gtk-doc/html/libglade/up.png (224 bytes security) (stored 0%)
	zip warning: name not matched: bin/libglade-convert
++ mv /tmp/libglade-2.6.3.zip /tmp/libglade_2.6.3-1_win64.zip
++ mv /tmp/libglade-dev-2.6.3.zip /tmp/libglade-dev_2.6.3-1_win64.zip
